<?xml version="1.0" encoding="UTF-8"?>
<robot generator="Robot 3.2.2 (Python 3.8.3 on win32)" generated="20210324 21:23:35.716" rpa="false">
<suite id="s1" name="WebUpload CPM TC10 CopyNUPValidation &amp; WebUpload CPM TC1 PaperSize &amp; WebUpload CPM TC2 PaperType &amp; WebUpload CPM TC3 OutputBin &amp; WebUpload CPM TC4 Staple &amp; WebUpload CPM TC5 Holepunch &amp; WebUpload CPM TC6 Fold &amp; WebUpload CPM TC7 ColorMono &amp; WebUpload CPM TC9 DiscardChanges">
<suite id="s1-s1" name="WebUpload CPM TC10 CopyNUPValidation" source="C:\Users\neogis\D Drive\FREEDOM\Python\CloudAutomation\WebUpload\WebUpload_CPM_TC10_CopyNUPValidation.robot">
<test id="s1-s1-t1" name="Copy Collate NupOrientation validation">
<kw name="Open Browser To Login Page">
<kw name="Open Browser" library="SeleniumLibrary">
<doc>Opens a new browser instance to the optional ``url``.</doc>
<arguments>
<arg>${LOGIN URL}</arg>
<arg>${BROWSER}</arg>
</arguments>
<msg timestamp="20210324 21:23:37.257" level="INFO">Opening browser 'Chrome' to base url 'https://dev.us.cloud.onelxk.co'.</msg>
<kw name="Capture Page Screenshot" library="SeleniumLibrary">
<doc>Takes a screenshot of the current page and embeds it into a log file.</doc>
<msg timestamp="20210324 21:23:47.210" level="INFO" html="yes">&lt;/td&gt;&lt;/tr&gt;&lt;tr&gt;&lt;td colspan="3"&gt;&lt;a href="selenium-screenshot-2.png"&gt;&lt;img src="selenium-screenshot-2.png" width="800px"&gt;&lt;/a&gt;</msg>
<status status="PASS" starttime="20210324 21:23:46.874" endtime="20210324 21:23:47.210"></status>
</kw>
<msg timestamp="20210324 21:23:47.234" level="FAIL">WebDriverException: Message: unknown error: net::ERR_NAME_NOT_RESOLVED
  (Session info: chrome=89.0.4389.90)
</msg>
<status status="FAIL" starttime="20210324 21:23:37.257" endtime="20210324 21:23:47.234"></status>
</kw>
<status status="FAIL" starttime="20210324 21:23:37.257" endtime="20210324 21:23:47.235"></status>
</kw>
<status status="FAIL" starttime="20210324 21:23:37.257" endtime="20210324 21:23:47.235" critical="yes">WebDriverException: Message: unknown error: net::ERR_NAME_NOT_RESOLVED
  (Session info: chrome=89.0.4389.90)
</status>
</test>
<status status="FAIL" starttime="20210324 21:23:35.754" endtime="20210324 21:23:47.238"></status>
</suite>
<suite id="s1-s2" name="WebUpload CPM TC1 PaperSize" source="C:\Users\neogis\D Drive\FREEDOM\Python\CloudAutomation\WebUpload\WebUpload_CPM_TC1_PaperSize.robot">
<kw name="Check total number of paper sizes" type="setup">
<kw name="Open Browser" library="SeleniumLibrary">
<doc>Opens a new browser instance to the optional ``url``.</doc>
<arguments>
<arg>${LOGIN URL}</arg>
<arg>${BROWSER}</arg>
</arguments>
<msg timestamp="20210324 21:23:51.789" level="INFO">Opening browser 'Chrome' to base url 'https://dev.us.cloud.onelxk.co'.</msg>
<kw name="Capture Page Screenshot" library="SeleniumLibrary">
<doc>Takes a screenshot of the current page and embeds it into a log file.</doc>
<msg timestamp="20210324 21:23:55.504" level="INFO" html="yes">&lt;/td&gt;&lt;/tr&gt;&lt;tr&gt;&lt;td colspan="3"&gt;&lt;a href="selenium-screenshot-3.png"&gt;&lt;img src="selenium-screenshot-3.png" width="800px"&gt;&lt;/a&gt;</msg>
<status status="PASS" starttime="20210324 21:23:55.179" endtime="20210324 21:23:55.504"></status>
</kw>
<msg timestamp="20210324 21:23:55.506" level="FAIL">WebDriverException: Message: unknown error: net::ERR_NAME_NOT_RESOLVED
  (Session info: chrome=89.0.4389.90)
</msg>
<status status="FAIL" starttime="20210324 21:23:51.788" endtime="20210324 21:23:55.506"></status>
</kw>
<status status="FAIL" starttime="20210324 21:23:51.787" endtime="20210324 21:23:55.507"></status>
</kw>
<test id="s1-s2-t1" name="Validation of Paper Size combobox setting page size as Use printer setting">
<status status="FAIL" starttime="20210324 21:23:55.508" endtime="20210324 21:23:55.510" critical="yes">Parent suite setup failed:
WebDriverException: Message: unknown error: net::ERR_NAME_NOT_RESOLVED
  (Session info: chrome=89.0.4389.90)
</status>
</test>
<test id="s1-s2-t2" name="Validation of Paper Size combobox setting page size as Letter">
<status status="FAIL" starttime="20210324 21:23:55.512" endtime="20210324 21:23:55.513" critical="yes">Parent suite setup failed:
WebDriverException: Message: unknown error: net::ERR_NAME_NOT_RESOLVED
  (Session info: chrome=89.0.4389.90)
</status>
</test>
<test id="s1-s2-t3" name="Validation of Paper Size combobox setting page size as Tabloid">
<status status="FAIL" starttime="20210324 21:23:55.515" endtime="20210324 21:23:55.516" critical="yes">Parent suite setup failed:
WebDriverException: Message: unknown error: net::ERR_NAME_NOT_RESOLVED
  (Session info: chrome=89.0.4389.90)
</status>
</test>
<test id="s1-s2-t4" name="Validation of Paper Size combobox setting page size as Legal">
<status status="FAIL" starttime="20210324 21:23:55.518" endtime="20210324 21:23:55.519" critical="yes">Parent suite setup failed:
WebDriverException: Message: unknown error: net::ERR_NAME_NOT_RESOLVED
  (Session info: chrome=89.0.4389.90)
</status>
</test>
<test id="s1-s2-t5" name="Validation of Paper Size combobox setting page size as Executive">
<status status="FAIL" starttime="20210324 21:23:55.521" endtime="20210324 21:23:55.522" critical="yes">Parent suite setup failed:
WebDriverException: Message: unknown error: net::ERR_NAME_NOT_RESOLVED
  (Session info: chrome=89.0.4389.90)
</status>
</test>
<test id="s1-s2-t6" name="Validation of Paper Size combobox setting page size as A3">
<status status="FAIL" starttime="20210324 21:23:55.525" endtime="20210324 21:23:55.526" critical="yes">Parent suite setup failed:
WebDriverException: Message: unknown error: net::ERR_NAME_NOT_RESOLVED
  (Session info: chrome=89.0.4389.90)
</status>
</test>
<test id="s1-s2-t7" name="Validation of Paper Size combobox setting page size as A4">
<status status="FAIL" starttime="20210324 21:23:55.528" endtime="20210324 21:23:55.529" critical="yes">Parent suite setup failed:
WebDriverException: Message: unknown error: net::ERR_NAME_NOT_RESOLVED
  (Session info: chrome=89.0.4389.90)
</status>
</test>
<test id="s1-s2-t8" name="Validation of Paper Size combobox setting page size as A5">
<status status="FAIL" starttime="20210324 21:23:55.536" endtime="20210324 21:23:55.537" critical="yes">Parent suite setup failed:
WebDriverException: Message: unknown error: net::ERR_NAME_NOT_RESOLVED
  (Session info: chrome=89.0.4389.90)
</status>
</test>
<test id="s1-s2-t9" name="Validation of Paper Size combobox setting page size as A6">
<status status="FAIL" starttime="20210324 21:23:55.539" endtime="20210324 21:23:55.541" critical="yes">Parent suite setup failed:
WebDriverException: Message: unknown error: net::ERR_NAME_NOT_RESOLVED
  (Session info: chrome=89.0.4389.90)
</status>
</test>
<test id="s1-s2-t10" name="Validation of Paper Size combobox setting page size as B4">
<status status="FAIL" starttime="20210324 21:23:55.543" endtime="20210324 21:23:55.544" critical="yes">Parent suite setup failed:
WebDriverException: Message: unknown error: net::ERR_NAME_NOT_RESOLVED
  (Session info: chrome=89.0.4389.90)
</status>
</test>
<test id="s1-s2-t11" name="Validation of Paper Size combobox setting page size as B5">
<status status="FAIL" starttime="20210324 21:23:55.551" endtime="20210324 21:23:55.552" critical="yes">Parent suite setup failed:
WebDriverException: Message: unknown error: net::ERR_NAME_NOT_RESOLVED
  (Session info: chrome=89.0.4389.90)
</status>
</test>
<test id="s1-s2-t12" name="Validation of Paper Size combobox setting page size as Folio">
<status status="FAIL" starttime="20210324 21:23:55.554" endtime="20210324 21:23:55.555" critical="yes">Parent suite setup failed:
WebDriverException: Message: unknown error: net::ERR_NAME_NOT_RESOLVED
  (Session info: chrome=89.0.4389.90)
</status>
</test>
<test id="s1-s2-t13" name="Validation of Paper Size combobox setting page size as Universal">
<status status="FAIL" starttime="20210324 21:23:55.559" endtime="20210324 21:23:55.562" critical="yes">Parent suite setup failed:
WebDriverException: Message: unknown error: net::ERR_NAME_NOT_RESOLVED
  (Session info: chrome=89.0.4389.90)
</status>
</test>
<test id="s1-s2-t14" name="Validation of Paper Size combobox setting page size as Oficio Mexico">
<status status="FAIL" starttime="20210324 21:23:55.568" endtime="20210324 21:23:55.569" critical="yes">Parent suite setup failed:
WebDriverException: Message: unknown error: net::ERR_NAME_NOT_RESOLVED
  (Session info: chrome=89.0.4389.90)
</status>
</test>
<test id="s1-s2-t15" name="Validation of Paper Size combobox setting page size as Statement">
<status status="FAIL" starttime="20210324 21:23:55.573" endtime="20210324 21:23:55.574" critical="yes">Parent suite setup failed:
WebDriverException: Message: unknown error: net::ERR_NAME_NOT_RESOLVED
  (Session info: chrome=89.0.4389.90)
</status>
</test>
<test id="s1-s2-t16" name="Validation of Paper Size combobox setting page size as Envelope #7 3/4">
<status status="FAIL" starttime="20210324 21:23:55.577" endtime="20210324 21:23:55.578" critical="yes">Parent suite setup failed:
WebDriverException: Message: unknown error: net::ERR_NAME_NOT_RESOLVED
  (Session info: chrome=89.0.4389.90)
</status>
</test>
<test id="s1-s2-t17" name="Validation of Paper Size combobox setting page size as Envelope #9">
<status status="FAIL" starttime="20210324 21:23:55.581" endtime="20210324 21:23:55.582" critical="yes">Parent suite setup failed:
WebDriverException: Message: unknown error: net::ERR_NAME_NOT_RESOLVED
  (Session info: chrome=89.0.4389.90)
</status>
</test>
<test id="s1-s2-t18" name="Validation of Paper Size combobox setting page size as Envelope #10">
<status status="FAIL" starttime="20210324 21:23:55.584" endtime="20210324 21:23:55.586" critical="yes">Parent suite setup failed:
WebDriverException: Message: unknown error: net::ERR_NAME_NOT_RESOLVED
  (Session info: chrome=89.0.4389.90)
</status>
</test>
<test id="s1-s2-t19" name="Validation of Paper Size combobox setting page size as Envelope B5">
<status status="FAIL" starttime="20210324 21:23:55.588" endtime="20210324 21:23:55.591" critical="yes">Parent suite setup failed:
WebDriverException: Message: unknown error: net::ERR_NAME_NOT_RESOLVED
  (Session info: chrome=89.0.4389.90)
</status>
</test>
<test id="s1-s2-t20" name="Validation of Paper Size combobox setting page size as Envelope C5">
<status status="FAIL" starttime="20210324 21:23:55.597" endtime="20210324 21:23:55.598" critical="yes">Parent suite setup failed:
WebDriverException: Message: unknown error: net::ERR_NAME_NOT_RESOLVED
  (Session info: chrome=89.0.4389.90)
</status>
</test>
<test id="s1-s2-t21" name="Validation of Paper Size combobox setting page size as Envelope DL">
<status status="FAIL" starttime="20210324 21:23:55.602" endtime="20210324 21:23:55.603" critical="yes">Parent suite setup failed:
WebDriverException: Message: unknown error: net::ERR_NAME_NOT_RESOLVED
  (Session info: chrome=89.0.4389.90)
</status>
</test>
<test id="s1-s2-t22" name="Validation of Paper Size combobox setting page size as Hagaki">
<status status="FAIL" starttime="20210324 21:23:55.606" endtime="20210324 21:23:55.608" critical="yes">Parent suite setup failed:
WebDriverException: Message: unknown error: net::ERR_NAME_NOT_RESOLVED
  (Session info: chrome=89.0.4389.90)
</status>
</test>
<test id="s1-s2-t23" name="Validation of Paper Size combobox setting page size as 12 x 18 inches">
<status status="FAIL" starttime="20210324 21:23:55.611" endtime="20210324 21:23:55.613" critical="yes">Parent suite setup failed:
WebDriverException: Message: unknown error: net::ERR_NAME_NOT_RESOLVED
  (Session info: chrome=89.0.4389.90)
</status>
</test>
<test id="s1-s2-t24" name="Validation of Paper Size combobox setting page size as SRA3">
<status status="FAIL" starttime="20210324 21:23:55.616" endtime="20210324 21:23:55.617" critical="yes">Parent suite setup failed:
WebDriverException: Message: unknown error: net::ERR_NAME_NOT_RESOLVED
  (Session info: chrome=89.0.4389.90)
</status>
</test>
<kw name="Reset , Log Out and Close Browsers" type="teardown">
<kw name="Click Element" library="SeleniumLibrary">
<doc>Click the element identified by ``locator``.</doc>
<arguments>
<arg>paperSize</arg>
</arguments>
<msg timestamp="20210324 21:23:55.633" level="INFO">Clicking element 'paperSize'.</msg>
<kw name="Capture Page Screenshot" library="SeleniumLibrary">
<doc>Takes a screenshot of the current page and embeds it into a log file.</doc>
<msg timestamp="20210324 21:23:55.968" level="INFO" html="yes">&lt;/td&gt;&lt;/tr&gt;&lt;tr&gt;&lt;td colspan="3"&gt;&lt;a href="selenium-screenshot-4.png"&gt;&lt;img src="selenium-screenshot-4.png" width="800px"&gt;&lt;/a&gt;</msg>
<status status="PASS" starttime="20210324 21:23:55.667" endtime="20210324 21:23:55.968"></status>
</kw>
<msg timestamp="20210324 21:23:55.972" level="FAIL">Element with locator 'paperSize' not found.</msg>
<status status="FAIL" starttime="20210324 21:23:55.632" endtime="20210324 21:23:55.973"></status>
</kw>
<kw name="Click Element" library="SeleniumLibrary">
<doc>Click the element identified by ``locator``.</doc>
<arguments>
<arg>paperSize-listbox-item-printer</arg>
</arguments>
<msg timestamp="20210324 21:23:55.973" level="INFO">Clicking element 'paperSize-listbox-item-printer'.</msg>
<kw name="Capture Page Screenshot" library="SeleniumLibrary">
<doc>Takes a screenshot of the current page and embeds it into a log file.</doc>
<msg timestamp="20210324 21:23:56.290" level="INFO" html="yes">&lt;/td&gt;&lt;/tr&gt;&lt;tr&gt;&lt;td colspan="3"&gt;&lt;a href="selenium-screenshot-5.png"&gt;&lt;img src="selenium-screenshot-5.png" width="800px"&gt;&lt;/a&gt;</msg>
<status status="PASS" starttime="20210324 21:23:55.991" endtime="20210324 21:23:56.290"></status>
</kw>
<msg timestamp="20210324 21:23:56.292" level="FAIL">Element with locator 'paperSize-listbox-item-printer' not found.</msg>
<status status="FAIL" starttime="20210324 21:23:55.973" endtime="20210324 21:23:56.292"></status>
</kw>
<kw name="Sleep Call 2" library="CloudLogin">
<status status="PASS" starttime="20210324 21:23:56.293" endtime="20210324 21:24:00.294"></status>
</kw>
<kw name="Click Button" library="SeleniumLibrary">
<doc>Clicks the button identified by ``locator``.</doc>
<arguments>
<arg>saveChangesButton</arg>
</arguments>
<msg timestamp="20210324 21:24:00.296" level="INFO">Clicking button 'saveChangesButton'.</msg>
<kw name="Capture Page Screenshot" library="SeleniumLibrary">
<doc>Takes a screenshot of the current page and embeds it into a log file.</doc>
<msg timestamp="20210324 21:24:00.670" level="INFO" html="yes">&lt;/td&gt;&lt;/tr&gt;&lt;tr&gt;&lt;td colspan="3"&gt;&lt;a href="selenium-screenshot-6.png"&gt;&lt;img src="selenium-screenshot-6.png" width="800px"&gt;&lt;/a&gt;</msg>
<status status="PASS" starttime="20210324 21:24:00.363" endtime="20210324 21:24:00.671"></status>
</kw>
<msg timestamp="20210324 21:24:00.672" level="FAIL">Button with locator 'saveChangesButton' not found.</msg>
<status status="FAIL" starttime="20210324 21:24:00.295" endtime="20210324 21:24:00.673"></status>
</kw>
<kw name="Wait Until Page Contains Element" library="SeleniumLibrary">
<doc>Waits until the element ``locator`` appears on the current page.</doc>
<arguments>
<arg>settingsUpdatingBusySpinner</arg>
</arguments>
<kw name="Capture Page Screenshot" library="SeleniumLibrary">
<doc>Takes a screenshot of the current page and embeds it into a log file.</doc>
<msg timestamp="20210324 21:24:06.122" level="INFO" html="yes">&lt;/td&gt;&lt;/tr&gt;&lt;tr&gt;&lt;td colspan="3"&gt;&lt;a href="selenium-screenshot-7.png"&gt;&lt;img src="selenium-screenshot-7.png" width="800px"&gt;&lt;/a&gt;</msg>
<status status="PASS" starttime="20210324 21:24:05.815" endtime="20210324 21:24:06.122"></status>
</kw>
<msg timestamp="20210324 21:24:06.124" level="FAIL">Element 'settingsUpdatingBusySpinner' did not appear in 5 seconds.</msg>
<status status="FAIL" starttime="20210324 21:24:00.673" endtime="20210324 21:24:06.124"></status>
</kw>
<kw name="Sleep Call 2" library="CloudLogin">
<status status="PASS" starttime="20210324 21:24:06.124" endtime="20210324 21:24:10.124"></status>
</kw>
<kw name="Set Variable" library="BuiltIn">
<doc>Returns the given values which can then be assigned to a variables.</doc>
<arguments>
<arg>userMenu</arg>
</arguments>
<assign>
<var>${usermenu}</var>
</assign>
<msg timestamp="20210324 21:24:10.126" level="INFO">${usermenu} = userMenu</msg>
<status status="PASS" starttime="20210324 21:24:10.125" endtime="20210324 21:24:10.126"></status>
</kw>
<kw name="Set Variable" library="BuiltIn">
<doc>Returns the given values which can then be assigned to a variables.</doc>
<arguments>
<arg>link-logout</arg>
</arguments>
<assign>
<var>${logout}</var>
</assign>
<msg timestamp="20210324 21:24:10.127" level="INFO">${logout} = link-logout</msg>
<status status="PASS" starttime="20210324 21:24:10.126" endtime="20210324 21:24:10.127"></status>
</kw>
<kw name="Click Element" library="SeleniumLibrary">
<doc>Click the element identified by ``locator``.</doc>
<arguments>
<arg>${usermenu}</arg>
</arguments>
<msg timestamp="20210324 21:24:10.128" level="INFO">Clicking element 'userMenu'.</msg>
<kw name="Capture Page Screenshot" library="SeleniumLibrary">
<doc>Takes a screenshot of the current page and embeds it into a log file.</doc>
<msg timestamp="20210324 21:24:10.490" level="INFO" html="yes">&lt;/td&gt;&lt;/tr&gt;&lt;tr&gt;&lt;td colspan="3"&gt;&lt;a href="selenium-screenshot-8.png"&gt;&lt;img src="selenium-screenshot-8.png" width="800px"&gt;&lt;/a&gt;</msg>
<status status="PASS" starttime="20210324 21:24:10.167" endtime="20210324 21:24:10.490"></status>
</kw>
<msg timestamp="20210324 21:24:10.492" level="FAIL">Element with locator 'userMenu' not found.</msg>
<status status="FAIL" starttime="20210324 21:24:10.127" endtime="20210324 21:24:10.492"></status>
</kw>
<kw name="Wait Until Page Contains Element" library="SeleniumLibrary">
<doc>Waits until the element ``locator`` appears on the current page.</doc>
<arguments>
<arg>${logout}</arg>
</arguments>
<kw name="Capture Page Screenshot" library="SeleniumLibrary">
<doc>Takes a screenshot of the current page and embeds it into a log file.</doc>
<msg timestamp="20210324 21:24:15.865" level="INFO" html="yes">&lt;/td&gt;&lt;/tr&gt;&lt;tr&gt;&lt;td colspan="3"&gt;&lt;a href="selenium-screenshot-9.png"&gt;&lt;img src="selenium-screenshot-9.png" width="800px"&gt;&lt;/a&gt;</msg>
<status status="PASS" starttime="20210324 21:24:15.585" endtime="20210324 21:24:15.865"></status>
</kw>
<msg timestamp="20210324 21:24:15.866" level="FAIL">Element 'link-logout' did not appear in 5 seconds.</msg>
<status status="FAIL" starttime="20210324 21:24:10.492" endtime="20210324 21:24:15.867"></status>
</kw>
<kw name="Sleep Call 2" library="CloudLogin">
<status status="PASS" starttime="20210324 21:24:15.867" endtime="20210324 21:24:19.868"></status>
</kw>
<kw name="Click Element" library="SeleniumLibrary">
<doc>Click the element identified by ``locator``.</doc>
<arguments>
<arg>${logout}</arg>
</arguments>
<msg timestamp="20210324 21:24:19.868" level="INFO">Clicking element 'link-logout'.</msg>
<kw name="Capture Page Screenshot" library="SeleniumLibrary">
<doc>Takes a screenshot of the current page and embeds it into a log file.</doc>
<msg timestamp="20210324 21:24:20.194" level="INFO" html="yes">&lt;/td&gt;&lt;/tr&gt;&lt;tr&gt;&lt;td colspan="3"&gt;&lt;a href="selenium-screenshot-10.png"&gt;&lt;img src="selenium-screenshot-10.png" width="800px"&gt;&lt;/a&gt;</msg>
<status status="PASS" starttime="20210324 21:24:19.876" endtime="20210324 21:24:20.194"></status>
</kw>
<msg timestamp="20210324 21:24:20.195" level="FAIL">Element with locator 'link-logout' not found.</msg>
<status status="FAIL" starttime="20210324 21:24:19.868" endtime="20210324 21:24:20.195"></status>
</kw>
<kw name="Sleep Call" library="CloudLogin">
<status status="PASS" starttime="20210324 21:24:20.196" endtime="20210324 21:24:25.196"></status>
</kw>
<kw name="Close All Browsers" library="SeleniumLibrary">
<doc>Closes all open browsers and resets the browser cache.</doc>
<status status="PASS" starttime="20210324 21:24:25.196" endtime="20210324 21:24:30.182"></status>
</kw>
<status status="FAIL" starttime="20210324 21:23:55.632" endtime="20210324 21:24:30.182">Several failures occurred:

1) Element with locator 'paperSize' not found.

2) Element with locator 'paperSize-listbox-item-printer' not found.

3) Button with locator 'saveChangesButton' not found.

4) Element 'settingsUpdatingBusySpinner' did not appear in 5 seconds.

5) Element with locator 'userMenu' not found.

6) Element 'link-logout' did not appear in 5 seconds.

7) Element with locator 'link-logout' not found.</status>
</kw>
<status status="FAIL" starttime="20210324 21:23:47.243" endtime="20210324 21:24:30.183">Suite setup failed:
WebDriverException: Message: unknown error: net::ERR_NAME_NOT_RESOLVED
  (Session info: chrome=89.0.4389.90)


Also suite teardown failed:
Several failures occurred:

1) Element with locator 'paperSize' not found.

2) Element with locator 'paperSize-listbox-item-printer' not found.

3) Button with locator 'saveChangesButton' not found.

4) Element 'settingsUpdatingBusySpinner' did not appear in 5 seconds.

5) Element with locator 'userMenu' not found.

6) Element 'link-logout' did not appear in 5 seconds.

7) Element with locator 'link-logout' not found.</status>
</suite>
<suite id="s1-s3" name="WebUpload CPM TC2 PaperType" source="C:\Users\neogis\D Drive\FREEDOM\Python\CloudAutomation\WebUpload\WebUpload_CPM_TC2_PaperType.robot">
<kw name="Check total number of paper types" type="setup">
<kw name="Open Browser" library="SeleniumLibrary">
<doc>Opens a new browser instance to the optional ``url``.</doc>
<arguments>
<arg>${LOGIN URL}</arg>
<arg>${BROWSER}</arg>
</arguments>
<msg timestamp="20210324 21:24:32.427" level="INFO">Opening browser 'headlessChrome' to base url 'https://dev.us.cloud.onelxk.co'.</msg>
<kw name="Capture Page Screenshot" library="SeleniumLibrary">
<doc>Takes a screenshot of the current page and embeds it into a log file.</doc>
<msg timestamp="20210324 21:24:38.763" level="INFO" html="yes">&lt;/td&gt;&lt;/tr&gt;&lt;tr&gt;&lt;td colspan="3"&gt;&lt;a href="selenium-screenshot-11.png"&gt;&lt;img src="selenium-screenshot-11.png" width="800px"&gt;&lt;/a&gt;</msg>
<status status="PASS" starttime="20210324 21:24:38.507" endtime="20210324 21:24:38.763"></status>
</kw>
<msg timestamp="20210324 21:24:38.765" level="FAIL">WebDriverException: Message: unknown error: net::ERR_NAME_NOT_RESOLVED
  (Session info: headless chrome=89.0.4389.90)
</msg>
<status status="FAIL" starttime="20210324 21:24:32.427" endtime="20210324 21:24:38.765"></status>
</kw>
<status status="FAIL" starttime="20210324 21:24:32.426" endtime="20210324 21:24:38.765"></status>
</kw>
<test id="s1-s3-t1" name="Validation of Paper type combobox setting page type as Use printer setting">
<status status="FAIL" starttime="20210324 21:24:38.765" endtime="20210324 21:24:38.767" critical="yes">Parent suite setup failed:
WebDriverException: Message: unknown error: net::ERR_NAME_NOT_RESOLVED
  (Session info: headless chrome=89.0.4389.90)
</status>
</test>
<test id="s1-s3-t2" name="Validation of Paper type combobox setting page type as Plain">
<status status="FAIL" starttime="20210324 21:24:38.770" endtime="20210324 21:24:38.770" critical="yes">Parent suite setup failed:
WebDriverException: Message: unknown error: net::ERR_NAME_NOT_RESOLVED
  (Session info: headless chrome=89.0.4389.90)
</status>
</test>
<test id="s1-s3-t3" name="Validation of Paper type combobox setting page type as Colored">
<status status="FAIL" starttime="20210324 21:24:38.770" endtime="20210324 21:24:38.770" critical="yes">Parent suite setup failed:
WebDriverException: Message: unknown error: net::ERR_NAME_NOT_RESOLVED
  (Session info: headless chrome=89.0.4389.90)
</status>
</test>
<test id="s1-s3-t4" name="Validation of Paper type combobox setting page type as Transparency">
<status status="FAIL" starttime="20210324 21:24:38.770" endtime="20210324 21:24:38.770" critical="yes">Parent suite setup failed:
WebDriverException: Message: unknown error: net::ERR_NAME_NOT_RESOLVED
  (Session info: headless chrome=89.0.4389.90)
</status>
</test>
<test id="s1-s3-t5" name="Validation of Paper type combobox setting page type as Card Stock">
<status status="FAIL" starttime="20210324 21:24:38.770" endtime="20210324 21:24:38.770" critical="yes">Parent suite setup failed:
WebDriverException: Message: unknown error: net::ERR_NAME_NOT_RESOLVED
  (Session info: headless chrome=89.0.4389.90)
</status>
</test>
<test id="s1-s3-t6" name="Validation of Paper type combobox setting page type as Labels">
<status status="FAIL" starttime="20210324 21:24:38.770" endtime="20210324 21:24:38.770" critical="yes">Parent suite setup failed:
WebDriverException: Message: unknown error: net::ERR_NAME_NOT_RESOLVED
  (Session info: headless chrome=89.0.4389.90)
</status>
</test>
<test id="s1-s3-t7" name="Validation of Paper type combobox setting page type as Letterhead">
<status status="FAIL" starttime="20210324 21:24:38.770" endtime="20210324 21:24:38.770" critical="yes">Parent suite setup failed:
WebDriverException: Message: unknown error: net::ERR_NAME_NOT_RESOLVED
  (Session info: headless chrome=89.0.4389.90)
</status>
</test>
<test id="s1-s3-t8" name="Validation of Paper type combobox setting page type as Preprinted">
<status status="FAIL" starttime="20210324 21:24:38.785" endtime="20210324 21:24:38.785" critical="yes">Parent suite setup failed:
WebDriverException: Message: unknown error: net::ERR_NAME_NOT_RESOLVED
  (Session info: headless chrome=89.0.4389.90)
</status>
</test>
<test id="s1-s3-t9" name="Validation of Paper type combobox setting page type as Bond">
<status status="FAIL" starttime="20210324 21:24:38.785" endtime="20210324 21:24:38.785" critical="yes">Parent suite setup failed:
WebDriverException: Message: unknown error: net::ERR_NAME_NOT_RESOLVED
  (Session info: headless chrome=89.0.4389.90)
</status>
</test>
<test id="s1-s3-t10" name="Validation of Paper type combobox setting page type as Envelope">
<status status="FAIL" starttime="20210324 21:24:38.785" endtime="20210324 21:24:38.785" critical="yes">Parent suite setup failed:
WebDriverException: Message: unknown error: net::ERR_NAME_NOT_RESOLVED
  (Session info: headless chrome=89.0.4389.90)
</status>
</test>
<test id="s1-s3-t11" name="Validation of Paper type combobox setting page type as Rough Envelope">
<status status="FAIL" starttime="20210324 21:24:38.785" endtime="20210324 21:24:38.785" critical="yes">Parent suite setup failed:
WebDriverException: Message: unknown error: net::ERR_NAME_NOT_RESOLVED
  (Session info: headless chrome=89.0.4389.90)
</status>
</test>
<test id="s1-s3-t12" name="Validation of Paper type combobox setting page type as Glossy">
<status status="FAIL" starttime="20210324 21:24:38.801" endtime="20210324 21:24:38.801" critical="yes">Parent suite setup failed:
WebDriverException: Message: unknown error: net::ERR_NAME_NOT_RESOLVED
  (Session info: headless chrome=89.0.4389.90)
</status>
</test>
<test id="s1-s3-t13" name="Validation of Paper type combobox setting page type as Vinyl Labels">
<status status="FAIL" starttime="20210324 21:24:38.801" endtime="20210324 21:24:38.806" critical="yes">Parent suite setup failed:
WebDriverException: Message: unknown error: net::ERR_NAME_NOT_RESOLVED
  (Session info: headless chrome=89.0.4389.90)
</status>
</test>
<test id="s1-s3-t14" name="Validation of Paper type combobox setting page type as Heavy">
<status status="FAIL" starttime="20210324 21:24:38.806" endtime="20210324 21:24:38.806" critical="yes">Parent suite setup failed:
WebDriverException: Message: unknown error: net::ERR_NAME_NOT_RESOLVED
  (Session info: headless chrome=89.0.4389.90)
</status>
</test>
<test id="s1-s3-t15" name="Validation of Paper type combobox setting page type as Heavy Glossy">
<status status="FAIL" starttime="20210324 21:24:38.806" endtime="20210324 21:24:38.806" critical="yes">Parent suite setup failed:
WebDriverException: Message: unknown error: net::ERR_NAME_NOT_RESOLVED
  (Session info: headless chrome=89.0.4389.90)
</status>
</test>
<test id="s1-s3-t16" name="Validation of Paper type combobox setting page type as Light">
<status status="FAIL" starttime="20210324 21:24:38.806" endtime="20210324 21:24:38.806" critical="yes">Parent suite setup failed:
WebDriverException: Message: unknown error: net::ERR_NAME_NOT_RESOLVED
  (Session info: headless chrome=89.0.4389.90)
</status>
</test>
<test id="s1-s3-t17" name="Validation of Paper type combobox setting page type as Recycled">
<status status="FAIL" starttime="20210324 21:24:38.806" endtime="20210324 21:24:38.806" critical="yes">Parent suite setup failed:
WebDriverException: Message: unknown error: net::ERR_NAME_NOT_RESOLVED
  (Session info: headless chrome=89.0.4389.90)
</status>
</test>
<test id="s1-s3-t18" name="Validation of Paper type combobox setting page type as Rough/Cotton">
<status status="FAIL" starttime="20210324 21:24:38.806" endtime="20210324 21:24:38.806" critical="yes">Parent suite setup failed:
WebDriverException: Message: unknown error: net::ERR_NAME_NOT_RESOLVED
  (Session info: headless chrome=89.0.4389.90)
</status>
</test>
<test id="s1-s3-t19" name="Validation of Paper type combobox setting page type as Custom Type 1">
<status status="FAIL" starttime="20210324 21:24:38.821" endtime="20210324 21:24:38.821" critical="yes">Parent suite setup failed:
WebDriverException: Message: unknown error: net::ERR_NAME_NOT_RESOLVED
  (Session info: headless chrome=89.0.4389.90)
</status>
</test>
<test id="s1-s3-t20" name="Validation of Paper type combobox setting page type as Custom Type 2">
<status status="FAIL" starttime="20210324 21:24:38.821" endtime="20210324 21:24:38.821" critical="yes">Parent suite setup failed:
WebDriverException: Message: unknown error: net::ERR_NAME_NOT_RESOLVED
  (Session info: headless chrome=89.0.4389.90)
</status>
</test>
<test id="s1-s3-t21" name="Validation of Paper type combobox setting page type as Custom Type 3">
<status status="FAIL" starttime="20210324 21:24:38.821" endtime="20210324 21:24:38.821" critical="yes">Parent suite setup failed:
WebDriverException: Message: unknown error: net::ERR_NAME_NOT_RESOLVED
  (Session info: headless chrome=89.0.4389.90)
</status>
</test>
<test id="s1-s3-t22" name="Validation of Paper type combobox setting page type as Custom Type 4">
<status status="FAIL" starttime="20210324 21:24:38.821" endtime="20210324 21:24:38.821" critical="yes">Parent suite setup failed:
WebDriverException: Message: unknown error: net::ERR_NAME_NOT_RESOLVED
  (Session info: headless chrome=89.0.4389.90)
</status>
</test>
<test id="s1-s3-t23" name="Validation of Paper type combobox setting page type as Custom Type 5">
<status status="FAIL" starttime="20210324 21:24:38.837" endtime="20210324 21:24:38.837" critical="yes">Parent suite setup failed:
WebDriverException: Message: unknown error: net::ERR_NAME_NOT_RESOLVED
  (Session info: headless chrome=89.0.4389.90)
</status>
</test>
<test id="s1-s3-t24" name="Validation of Paper type combobox setting page type as Custom Type 6">
<status status="FAIL" starttime="20210324 21:24:38.837" endtime="20210324 21:24:38.837" critical="yes">Parent suite setup failed:
WebDriverException: Message: unknown error: net::ERR_NAME_NOT_RESOLVED
  (Session info: headless chrome=89.0.4389.90)
</status>
</test>
<kw name="Reset , Log Out and Close Browsers" type="teardown">
<kw name="Sleep Call 2" library="CloudLogin">
<status status="PASS" starttime="20210324 21:24:38.837" endtime="20210324 21:24:42.857"></status>
</kw>
<kw name="Click Element" library="SeleniumLibrary">
<doc>Click the element identified by ``locator``.</doc>
<arguments>
<arg>paperType</arg>
</arguments>
<msg timestamp="20210324 21:24:42.857" level="INFO">Clicking element 'paperType'.</msg>
<kw name="Capture Page Screenshot" library="SeleniumLibrary">
<doc>Takes a screenshot of the current page and embeds it into a log file.</doc>
<msg timestamp="20210324 21:24:43.158" level="INFO" html="yes">&lt;/td&gt;&lt;/tr&gt;&lt;tr&gt;&lt;td colspan="3"&gt;&lt;a href="selenium-screenshot-12.png"&gt;&lt;img src="selenium-screenshot-12.png" width="800px"&gt;&lt;/a&gt;</msg>
<status status="PASS" starttime="20210324 21:24:42.904" endtime="20210324 21:24:43.158"></status>
</kw>
<msg timestamp="20210324 21:24:43.174" level="FAIL">Element with locator 'paperType' not found.</msg>
<status status="FAIL" starttime="20210324 21:24:42.857" endtime="20210324 21:24:43.174"></status>
</kw>
<kw name="Click Element" library="SeleniumLibrary">
<doc>Click the element identified by ``locator``.</doc>
<arguments>
<arg>paperType-listbox-item-printer</arg>
</arguments>
<msg timestamp="20210324 21:24:43.174" level="INFO">Clicking element 'paperType-listbox-item-printer'.</msg>
<kw name="Capture Page Screenshot" library="SeleniumLibrary">
<doc>Takes a screenshot of the current page and embeds it into a log file.</doc>
<msg timestamp="20210324 21:24:43.471" level="INFO" html="yes">&lt;/td&gt;&lt;/tr&gt;&lt;tr&gt;&lt;td colspan="3"&gt;&lt;a href="selenium-screenshot-13.png"&gt;&lt;img src="selenium-screenshot-13.png" width="800px"&gt;&lt;/a&gt;</msg>
<status status="PASS" starttime="20210324 21:24:43.245" endtime="20210324 21:24:43.471"></status>
</kw>
<msg timestamp="20210324 21:24:43.483" level="FAIL">Element with locator 'paperType-listbox-item-printer' not found.</msg>
<status status="FAIL" starttime="20210324 21:24:43.174" endtime="20210324 21:24:43.483"></status>
</kw>
<kw name="Sleep Call 2" library="CloudLogin">
<status status="PASS" starttime="20210324 21:24:43.483" endtime="20210324 21:24:47.497"></status>
</kw>
<kw name="Click Button" library="SeleniumLibrary">
<doc>Clicks the button identified by ``locator``.</doc>
<arguments>
<arg>saveChangesButton</arg>
</arguments>
<msg timestamp="20210324 21:24:47.497" level="INFO">Clicking button 'saveChangesButton'.</msg>
<kw name="Capture Page Screenshot" library="SeleniumLibrary">
<doc>Takes a screenshot of the current page and embeds it into a log file.</doc>
<msg timestamp="20210324 21:24:47.819" level="INFO" html="yes">&lt;/td&gt;&lt;/tr&gt;&lt;tr&gt;&lt;td colspan="3"&gt;&lt;a href="selenium-screenshot-14.png"&gt;&lt;img src="selenium-screenshot-14.png" width="800px"&gt;&lt;/a&gt;</msg>
<status status="PASS" starttime="20210324 21:24:47.566" endtime="20210324 21:24:47.819"></status>
</kw>
<msg timestamp="20210324 21:24:47.819" level="FAIL">Button with locator 'saveChangesButton' not found.</msg>
<status status="FAIL" starttime="20210324 21:24:47.497" endtime="20210324 21:24:47.819"></status>
</kw>
<kw name="Wait Until Page Contains Element" library="SeleniumLibrary">
<doc>Waits until the element ``locator`` appears on the current page.</doc>
<arguments>
<arg>settingsUpdatingBusySpinner</arg>
</arguments>
<kw name="Capture Page Screenshot" library="SeleniumLibrary">
<doc>Takes a screenshot of the current page and embeds it into a log file.</doc>
<msg timestamp="20210324 21:24:53.235" level="INFO" html="yes">&lt;/td&gt;&lt;/tr&gt;&lt;tr&gt;&lt;td colspan="3"&gt;&lt;a href="selenium-screenshot-15.png"&gt;&lt;img src="selenium-screenshot-15.png" width="800px"&gt;&lt;/a&gt;</msg>
<status status="PASS" starttime="20210324 21:24:52.984" endtime="20210324 21:24:53.235"></status>
</kw>
<msg timestamp="20210324 21:24:53.235" level="FAIL">Element 'settingsUpdatingBusySpinner' did not appear in 5 seconds.</msg>
<status status="FAIL" starttime="20210324 21:24:47.819" endtime="20210324 21:24:53.235"></status>
</kw>
<kw name="Sleep Call 2" library="CloudLogin">
<status status="PASS" starttime="20210324 21:24:53.235" endtime="20210324 21:24:57.246"></status>
</kw>
<kw name="Set Variable" library="BuiltIn">
<doc>Returns the given values which can then be assigned to a variables.</doc>
<arguments>
<arg>userMenu</arg>
</arguments>
<assign>
<var>${usermenu}</var>
</assign>
<msg timestamp="20210324 21:24:57.246" level="INFO">${usermenu} = userMenu</msg>
<status status="PASS" starttime="20210324 21:24:57.246" endtime="20210324 21:24:57.246"></status>
</kw>
<kw name="Set Variable" library="BuiltIn">
<doc>Returns the given values which can then be assigned to a variables.</doc>
<arguments>
<arg>link-logout</arg>
</arguments>
<assign>
<var>${logout}</var>
</assign>
<msg timestamp="20210324 21:24:57.246" level="INFO">${logout} = link-logout</msg>
<status status="PASS" starttime="20210324 21:24:57.246" endtime="20210324 21:24:57.246"></status>
</kw>
<kw name="Click Element" library="SeleniumLibrary">
<doc>Click the element identified by ``locator``.</doc>
<arguments>
<arg>${usermenu}</arg>
</arguments>
<msg timestamp="20210324 21:24:57.246" level="INFO">Clicking element 'userMenu'.</msg>
<kw name="Capture Page Screenshot" library="SeleniumLibrary">
<doc>Takes a screenshot of the current page and embeds it into a log file.</doc>
<msg timestamp="20210324 21:24:57.505" level="INFO" html="yes">&lt;/td&gt;&lt;/tr&gt;&lt;tr&gt;&lt;td colspan="3"&gt;&lt;a href="selenium-screenshot-16.png"&gt;&lt;img src="selenium-screenshot-16.png" width="800px"&gt;&lt;/a&gt;</msg>
<status status="PASS" starttime="20210324 21:24:57.284" endtime="20210324 21:24:57.505"></status>
</kw>
<msg timestamp="20210324 21:24:57.505" level="FAIL">Element with locator 'userMenu' not found.</msg>
<status status="FAIL" starttime="20210324 21:24:57.246" endtime="20210324 21:24:57.505"></status>
</kw>
<kw name="Wait Until Page Contains Element" library="SeleniumLibrary">
<doc>Waits until the element ``locator`` appears on the current page.</doc>
<arguments>
<arg>${logout}</arg>
</arguments>
<kw name="Capture Page Screenshot" library="SeleniumLibrary">
<doc>Takes a screenshot of the current page and embeds it into a log file.</doc>
<msg timestamp="20210324 21:25:02.851" level="INFO" html="yes">&lt;/td&gt;&lt;/tr&gt;&lt;tr&gt;&lt;td colspan="3"&gt;&lt;a href="selenium-screenshot-17.png"&gt;&lt;img src="selenium-screenshot-17.png" width="800px"&gt;&lt;/a&gt;</msg>
<status status="PASS" starttime="20210324 21:25:02.576" endtime="20210324 21:25:02.851"></status>
</kw>
<msg timestamp="20210324 21:25:02.851" level="FAIL">Element 'link-logout' did not appear in 5 seconds.</msg>
<status status="FAIL" starttime="20210324 21:24:57.505" endtime="20210324 21:25:02.851"></status>
</kw>
<kw name="Sleep Call 2" library="CloudLogin">
<status status="PASS" starttime="20210324 21:25:02.851" endtime="20210324 21:25:06.860"></status>
</kw>
<kw name="Click Element" library="SeleniumLibrary">
<doc>Click the element identified by ``locator``.</doc>
<arguments>
<arg>${logout}</arg>
</arguments>
<msg timestamp="20210324 21:25:06.860" level="INFO">Clicking element 'link-logout'.</msg>
<kw name="Capture Page Screenshot" library="SeleniumLibrary">
<doc>Takes a screenshot of the current page and embeds it into a log file.</doc>
<msg timestamp="20210324 21:25:07.120" level="INFO" html="yes">&lt;/td&gt;&lt;/tr&gt;&lt;tr&gt;&lt;td colspan="3"&gt;&lt;a href="selenium-screenshot-18.png"&gt;&lt;img src="selenium-screenshot-18.png" width="800px"&gt;&lt;/a&gt;</msg>
<status status="PASS" starttime="20210324 21:25:06.875" endtime="20210324 21:25:07.120"></status>
</kw>
<msg timestamp="20210324 21:25:07.129" level="FAIL">Element with locator 'link-logout' not found.</msg>
<status status="FAIL" starttime="20210324 21:25:06.860" endtime="20210324 21:25:07.129"></status>
</kw>
<kw name="Sleep Call" library="CloudLogin">
<status status="PASS" starttime="20210324 21:25:07.129" endtime="20210324 21:25:12.129"></status>
</kw>
<kw name="Close All Browsers" library="SeleniumLibrary">
<doc>Closes all open browsers and resets the browser cache.</doc>
<status status="PASS" starttime="20210324 21:25:12.129" endtime="20210324 21:25:14.257"></status>
</kw>
<status status="FAIL" starttime="20210324 21:24:38.837" endtime="20210324 21:25:14.257">Several failures occurred:

1) Element with locator 'paperType' not found.

2) Element with locator 'paperType-listbox-item-printer' not found.

3) Button with locator 'saveChangesButton' not found.

4) Element 'settingsUpdatingBusySpinner' did not appear in 5 seconds.

5) Element with locator 'userMenu' not found.

6) Element 'link-logout' did not appear in 5 seconds.

7) Element with locator 'link-logout' not found.</status>
</kw>
<status status="FAIL" starttime="20210324 21:24:30.191" endtime="20210324 21:25:14.257">Suite setup failed:
WebDriverException: Message: unknown error: net::ERR_NAME_NOT_RESOLVED
  (Session info: headless chrome=89.0.4389.90)


Also suite teardown failed:
Several failures occurred:

1) Element with locator 'paperType' not found.

2) Element with locator 'paperType-listbox-item-printer' not found.

3) Button with locator 'saveChangesButton' not found.

4) Element 'settingsUpdatingBusySpinner' did not appear in 5 seconds.

5) Element with locator 'userMenu' not found.

6) Element 'link-logout' did not appear in 5 seconds.

7) Element with locator 'link-logout' not found.</status>
</suite>
<suite id="s1-s4" name="WebUpload CPM TC3 OutputBin" source="C:\Users\neogis\D Drive\FREEDOM\Python\CloudAutomation\WebUpload\WebUpload_CPM_TC3_OutputBin.robot">
<kw name="Check total number of output bins" type="setup">
<kw name="Open Browser" library="SeleniumLibrary">
<doc>Opens a new browser instance to the optional ``url``.</doc>
<arguments>
<arg>${LOGIN URL}</arg>
<arg>${BROWSER}</arg>
</arguments>
<msg timestamp="20210324 21:25:15.787" level="INFO">Opening browser 'Chrome' to base url 'https://dev.us.cloud.onelxk.co'.</msg>
<kw name="Capture Page Screenshot" library="SeleniumLibrary">
<doc>Takes a screenshot of the current page and embeds it into a log file.</doc>
<msg timestamp="20210324 21:25:20.161" level="INFO" html="yes">&lt;/td&gt;&lt;/tr&gt;&lt;tr&gt;&lt;td colspan="3"&gt;&lt;a href="selenium-screenshot-19.png"&gt;&lt;img src="selenium-screenshot-19.png" width="800px"&gt;&lt;/a&gt;</msg>
<status status="PASS" starttime="20210324 21:25:19.759" endtime="20210324 21:25:20.161"></status>
</kw>
<msg timestamp="20210324 21:25:20.161" level="FAIL">WebDriverException: Message: unknown error: net::ERR_NAME_NOT_RESOLVED
  (Session info: chrome=89.0.4389.90)
</msg>
<status status="FAIL" starttime="20210324 21:25:15.787" endtime="20210324 21:25:20.161"></status>
</kw>
<status status="FAIL" starttime="20210324 21:25:15.787" endtime="20210324 21:25:20.161"></status>
</kw>
<test id="s1-s4-t1" name="Validation of Output Bin combobox setting Output Bin as Use printer setting">
<status status="FAIL" starttime="20210324 21:25:20.161" endtime="20210324 21:25:20.169" critical="yes">Parent suite setup failed:
WebDriverException: Message: unknown error: net::ERR_NAME_NOT_RESOLVED
  (Session info: chrome=89.0.4389.90)
</status>
</test>
<test id="s1-s4-t2" name="Validation of Output Bin combobox setting Output Bin as Standard bin">
<status status="FAIL" starttime="20210324 21:25:20.171" endtime="20210324 21:25:20.171" critical="yes">Parent suite setup failed:
WebDriverException: Message: unknown error: net::ERR_NAME_NOT_RESOLVED
  (Session info: chrome=89.0.4389.90)
</status>
</test>
<test id="s1-s4-t3" name="Validation of Output Bin combobox setting Output Bin as Bin 1">
<status status="FAIL" starttime="20210324 21:25:20.171" endtime="20210324 21:25:20.171" critical="yes">Parent suite setup failed:
WebDriverException: Message: unknown error: net::ERR_NAME_NOT_RESOLVED
  (Session info: chrome=89.0.4389.90)
</status>
</test>
<test id="s1-s4-t4" name="Validation of Output Bin combobox setting Output Bin as Bin 2">
<status status="FAIL" starttime="20210324 21:25:20.179" endtime="20210324 21:25:20.181" critical="yes">Parent suite setup failed:
WebDriverException: Message: unknown error: net::ERR_NAME_NOT_RESOLVED
  (Session info: chrome=89.0.4389.90)
</status>
</test>
<test id="s1-s4-t5" name="Validation of Output Bin combobox setting Output Bin as Bin 3">
<status status="FAIL" starttime="20210324 21:25:20.181" endtime="20210324 21:25:20.181" critical="yes">Parent suite setup failed:
WebDriverException: Message: unknown error: net::ERR_NAME_NOT_RESOLVED
  (Session info: chrome=89.0.4389.90)
</status>
</test>
<test id="s1-s4-t6" name="Validation of Output Bin combobox setting Output Bin as Bin 4">
<status status="FAIL" starttime="20210324 21:25:20.181" endtime="20210324 21:25:20.181" critical="yes">Parent suite setup failed:
WebDriverException: Message: unknown error: net::ERR_NAME_NOT_RESOLVED
  (Session info: chrome=89.0.4389.90)
</status>
</test>
<test id="s1-s4-t7" name="Validation of Output Bin combobox setting Output Bin as Bin 5">
<status status="FAIL" starttime="20210324 21:25:20.191" endtime="20210324 21:25:20.191" critical="yes">Parent suite setup failed:
WebDriverException: Message: unknown error: net::ERR_NAME_NOT_RESOLVED
  (Session info: chrome=89.0.4389.90)
</status>
</test>
<test id="s1-s4-t8" name="Validation of Output Bin combobox setting Output Bin as Bin 6">
<status status="FAIL" starttime="20210324 21:25:20.191" endtime="20210324 21:25:20.191" critical="yes">Parent suite setup failed:
WebDriverException: Message: unknown error: net::ERR_NAME_NOT_RESOLVED
  (Session info: chrome=89.0.4389.90)
</status>
</test>
<test id="s1-s4-t9" name="Validation of Output Bin combobox setting Output Bin as Bin 7">
<status status="FAIL" starttime="20210324 21:25:20.191" endtime="20210324 21:25:20.199" critical="yes">Parent suite setup failed:
WebDriverException: Message: unknown error: net::ERR_NAME_NOT_RESOLVED
  (Session info: chrome=89.0.4389.90)
</status>
</test>
<test id="s1-s4-t10" name="Validation of Output Bin combobox setting Output Bin as Bin 8">
<status status="FAIL" starttime="20210324 21:25:20.201" endtime="20210324 21:25:20.201" critical="yes">Parent suite setup failed:
WebDriverException: Message: unknown error: net::ERR_NAME_NOT_RESOLVED
  (Session info: chrome=89.0.4389.90)
</status>
</test>
<test id="s1-s4-t11" name="Validation of Output Bin combobox setting Output Bin as Bin 9">
<status status="FAIL" starttime="20210324 21:25:20.201" endtime="20210324 21:25:20.201" critical="yes">Parent suite setup failed:
WebDriverException: Message: unknown error: net::ERR_NAME_NOT_RESOLVED
  (Session info: chrome=89.0.4389.90)
</status>
</test>
<test id="s1-s4-t12" name="Validation of Output Bin combobox setting Output Bin as Bin 10">
<status status="FAIL" starttime="20210324 21:25:20.201" endtime="20210324 21:25:20.209" critical="yes">Parent suite setup failed:
WebDriverException: Message: unknown error: net::ERR_NAME_NOT_RESOLVED
  (Session info: chrome=89.0.4389.90)
</status>
</test>
<test id="s1-s4-t13" name="Validation of Output Bin combobox setting Output Bin as Bin 11">
<status status="FAIL" starttime="20210324 21:25:20.211" endtime="20210324 21:25:20.211" critical="yes">Parent suite setup failed:
WebDriverException: Message: unknown error: net::ERR_NAME_NOT_RESOLVED
  (Session info: chrome=89.0.4389.90)
</status>
</test>
<test id="s1-s4-t14" name="Validation of Output Bin combobox setting Output Bin as Bin 12">
<status status="FAIL" starttime="20210324 21:25:20.211" endtime="20210324 21:25:20.211" critical="yes">Parent suite setup failed:
WebDriverException: Message: unknown error: net::ERR_NAME_NOT_RESOLVED
  (Session info: chrome=89.0.4389.90)
</status>
</test>
<kw name="Reset , Log Out and Close Browsers" type="teardown">
<kw name="Sleep Call 2" library="CloudLogin">
<status status="PASS" starttime="20210324 21:25:20.221" endtime="20210324 21:25:24.233"></status>
</kw>
<kw name="Click Element" library="SeleniumLibrary">
<doc>Click the element identified by ``locator``.</doc>
<arguments>
<arg>outputBin</arg>
</arguments>
<msg timestamp="20210324 21:25:24.233" level="INFO">Clicking element 'outputBin'.</msg>
<kw name="Capture Page Screenshot" library="SeleniumLibrary">
<doc>Takes a screenshot of the current page and embeds it into a log file.</doc>
<msg timestamp="20210324 21:25:24.545" level="INFO" html="yes">&lt;/td&gt;&lt;/tr&gt;&lt;tr&gt;&lt;td colspan="3"&gt;&lt;a href="selenium-screenshot-20.png"&gt;&lt;img src="selenium-screenshot-20.png" width="800px"&gt;&lt;/a&gt;</msg>
<status status="PASS" starttime="20210324 21:25:24.270" endtime="20210324 21:25:24.545"></status>
</kw>
<msg timestamp="20210324 21:25:24.545" level="FAIL">Element with locator 'outputBin' not found.</msg>
<status status="FAIL" starttime="20210324 21:25:24.233" endtime="20210324 21:25:24.545"></status>
</kw>
<kw name="Click Element" library="SeleniumLibrary">
<doc>Click the element identified by ``locator``.</doc>
<arguments>
<arg>outputBin-listbox-item-printer</arg>
</arguments>
<msg timestamp="20210324 21:25:24.545" level="INFO">Clicking element 'outputBin-listbox-item-printer'.</msg>
<kw name="Capture Page Screenshot" library="SeleniumLibrary">
<doc>Takes a screenshot of the current page and embeds it into a log file.</doc>
<msg timestamp="20210324 21:25:24.844" level="INFO" html="yes">&lt;/td&gt;&lt;/tr&gt;&lt;tr&gt;&lt;td colspan="3"&gt;&lt;a href="selenium-screenshot-21.png"&gt;&lt;img src="selenium-screenshot-21.png" width="800px"&gt;&lt;/a&gt;</msg>
<status status="PASS" starttime="20210324 21:25:24.556" endtime="20210324 21:25:24.844"></status>
</kw>
<msg timestamp="20210324 21:25:24.844" level="FAIL">Element with locator 'outputBin-listbox-item-printer' not found.</msg>
<status status="FAIL" starttime="20210324 21:25:24.545" endtime="20210324 21:25:24.844"></status>
</kw>
<kw name="Sleep Call 2" library="CloudLogin">
<status status="PASS" starttime="20210324 21:25:24.844" endtime="20210324 21:25:28.858"></status>
</kw>
<kw name="Click Button" library="SeleniumLibrary">
<doc>Clicks the button identified by ``locator``.</doc>
<arguments>
<arg>saveChangesButton</arg>
</arguments>
<msg timestamp="20210324 21:25:28.858" level="INFO">Clicking button 'saveChangesButton'.</msg>
<kw name="Capture Page Screenshot" library="SeleniumLibrary">
<doc>Takes a screenshot of the current page and embeds it into a log file.</doc>
<msg timestamp="20210324 21:25:29.213" level="INFO" html="yes">&lt;/td&gt;&lt;/tr&gt;&lt;tr&gt;&lt;td colspan="3"&gt;&lt;a href="selenium-screenshot-22.png"&gt;&lt;img src="selenium-screenshot-22.png" width="800px"&gt;&lt;/a&gt;</msg>
<status status="PASS" starttime="20210324 21:25:28.944" endtime="20210324 21:25:29.213"></status>
</kw>
<msg timestamp="20210324 21:25:29.213" level="FAIL">Button with locator 'saveChangesButton' not found.</msg>
<status status="FAIL" starttime="20210324 21:25:28.858" endtime="20210324 21:25:29.213"></status>
</kw>
<kw name="Wait Until Page Contains Element" library="SeleniumLibrary">
<doc>Waits until the element ``locator`` appears on the current page.</doc>
<arguments>
<arg>settingsUpdatingBusySpinner</arg>
</arguments>
<kw name="Capture Page Screenshot" library="SeleniumLibrary">
<doc>Takes a screenshot of the current page and embeds it into a log file.</doc>
<msg timestamp="20210324 21:25:34.595" level="INFO" html="yes">&lt;/td&gt;&lt;/tr&gt;&lt;tr&gt;&lt;td colspan="3"&gt;&lt;a href="selenium-screenshot-23.png"&gt;&lt;img src="selenium-screenshot-23.png" width="800px"&gt;&lt;/a&gt;</msg>
<status status="PASS" starttime="20210324 21:25:34.269" endtime="20210324 21:25:34.595"></status>
</kw>
<msg timestamp="20210324 21:25:34.597" level="FAIL">Element 'settingsUpdatingBusySpinner' did not appear in 5 seconds.</msg>
<status status="FAIL" starttime="20210324 21:25:29.213" endtime="20210324 21:25:34.597"></status>
</kw>
<kw name="Sleep Call 2" library="CloudLogin">
<status status="PASS" starttime="20210324 21:25:34.597" endtime="20210324 21:25:38.598"></status>
</kw>
<kw name="Set Variable" library="BuiltIn">
<doc>Returns the given values which can then be assigned to a variables.</doc>
<arguments>
<arg>userMenu</arg>
</arguments>
<assign>
<var>${usermenu}</var>
</assign>
<msg timestamp="20210324 21:25:38.600" level="INFO">${usermenu} = userMenu</msg>
<status status="PASS" starttime="20210324 21:25:38.599" endtime="20210324 21:25:38.600"></status>
</kw>
<kw name="Set Variable" library="BuiltIn">
<doc>Returns the given values which can then be assigned to a variables.</doc>
<arguments>
<arg>link-logout</arg>
</arguments>
<assign>
<var>${logout}</var>
</assign>
<msg timestamp="20210324 21:25:38.603" level="INFO">${logout} = link-logout</msg>
<status status="PASS" starttime="20210324 21:25:38.601" endtime="20210324 21:25:38.603"></status>
</kw>
<kw name="Click Element" library="SeleniumLibrary">
<doc>Click the element identified by ``locator``.</doc>
<arguments>
<arg>${usermenu}</arg>
</arguments>
<msg timestamp="20210324 21:25:38.605" level="INFO">Clicking element 'userMenu'.</msg>
<kw name="Capture Page Screenshot" library="SeleniumLibrary">
<doc>Takes a screenshot of the current page and embeds it into a log file.</doc>
<msg timestamp="20210324 21:25:39.004" level="INFO" html="yes">&lt;/td&gt;&lt;/tr&gt;&lt;tr&gt;&lt;td colspan="3"&gt;&lt;a href="selenium-screenshot-24.png"&gt;&lt;img src="selenium-screenshot-24.png" width="800px"&gt;&lt;/a&gt;</msg>
<status status="PASS" starttime="20210324 21:25:38.678" endtime="20210324 21:25:39.004"></status>
</kw>
<msg timestamp="20210324 21:25:39.005" level="FAIL">Element with locator 'userMenu' not found.</msg>
<status status="FAIL" starttime="20210324 21:25:38.604" endtime="20210324 21:25:39.006"></status>
</kw>
<kw name="Wait Until Page Contains Element" library="SeleniumLibrary">
<doc>Waits until the element ``locator`` appears on the current page.</doc>
<arguments>
<arg>${logout}</arg>
</arguments>
<kw name="Capture Page Screenshot" library="SeleniumLibrary">
<doc>Takes a screenshot of the current page and embeds it into a log file.</doc>
<msg timestamp="20210324 21:25:44.509" level="INFO" html="yes">&lt;/td&gt;&lt;/tr&gt;&lt;tr&gt;&lt;td colspan="3"&gt;&lt;a href="selenium-screenshot-25.png"&gt;&lt;img src="selenium-screenshot-25.png" width="800px"&gt;&lt;/a&gt;</msg>
<status status="PASS" starttime="20210324 21:25:44.193" endtime="20210324 21:25:44.509"></status>
</kw>
<msg timestamp="20210324 21:25:44.509" level="FAIL">Element 'link-logout' did not appear in 5 seconds.</msg>
<status status="FAIL" starttime="20210324 21:25:39.006" endtime="20210324 21:25:44.509"></status>
</kw>
<kw name="Sleep Call 2" library="CloudLogin">
<status status="PASS" starttime="20210324 21:25:44.509" endtime="20210324 21:25:48.521"></status>
</kw>
<kw name="Click Element" library="SeleniumLibrary">
<doc>Click the element identified by ``locator``.</doc>
<arguments>
<arg>${logout}</arg>
</arguments>
<msg timestamp="20210324 21:25:48.521" level="INFO">Clicking element 'link-logout'.</msg>
<kw name="Capture Page Screenshot" library="SeleniumLibrary">
<doc>Takes a screenshot of the current page and embeds it into a log file.</doc>
<msg timestamp="20210324 21:25:48.833" level="INFO" html="yes">&lt;/td&gt;&lt;/tr&gt;&lt;tr&gt;&lt;td colspan="3"&gt;&lt;a href="selenium-screenshot-26.png"&gt;&lt;img src="selenium-screenshot-26.png" width="800px"&gt;&lt;/a&gt;</msg>
<status status="PASS" starttime="20210324 21:25:48.536" endtime="20210324 21:25:48.833"></status>
</kw>
<msg timestamp="20210324 21:25:48.833" level="FAIL">Element with locator 'link-logout' not found.</msg>
<status status="FAIL" starttime="20210324 21:25:48.521" endtime="20210324 21:25:48.833"></status>
</kw>
<kw name="Sleep Call" library="CloudLogin">
<status status="PASS" starttime="20210324 21:25:48.833" endtime="20210324 21:25:53.842"></status>
</kw>
<kw name="Close All Browsers" library="SeleniumLibrary">
<doc>Closes all open browsers and resets the browser cache.</doc>
<status status="PASS" starttime="20210324 21:25:53.842" endtime="20210324 21:25:56.574"></status>
</kw>
<status status="FAIL" starttime="20210324 21:25:20.221" endtime="20210324 21:25:56.574">Several failures occurred:

1) Element with locator 'outputBin' not found.

2) Element with locator 'outputBin-listbox-item-printer' not found.

3) Button with locator 'saveChangesButton' not found.

4) Element 'settingsUpdatingBusySpinner' did not appear in 5 seconds.

5) Element with locator 'userMenu' not found.

6) Element 'link-logout' did not appear in 5 seconds.

7) Element with locator 'link-logout' not found.</status>
</kw>
<status status="FAIL" starttime="20210324 21:25:14.288" endtime="20210324 21:25:56.574">Suite setup failed:
WebDriverException: Message: unknown error: net::ERR_NAME_NOT_RESOLVED
  (Session info: chrome=89.0.4389.90)


Also suite teardown failed:
Several failures occurred:

1) Element with locator 'outputBin' not found.

2) Element with locator 'outputBin-listbox-item-printer' not found.

3) Button with locator 'saveChangesButton' not found.

4) Element 'settingsUpdatingBusySpinner' did not appear in 5 seconds.

5) Element with locator 'userMenu' not found.

6) Element 'link-logout' did not appear in 5 seconds.

7) Element with locator 'link-logout' not found.</status>
</suite>
<suite id="s1-s5" name="WebUpload CPM TC4 Staple" source="C:\Users\neogis\D Drive\FREEDOM\Python\CloudAutomation\WebUpload\WebUpload_CPM_TC4_Staple.robot">
<kw name="Check total number of staple bins" type="setup">
<kw name="Open Browser" library="SeleniumLibrary">
<doc>Opens a new browser instance to the optional ``url``.</doc>
<arguments>
<arg>${LOGIN URL}</arg>
<arg>${BROWSER}</arg>
</arguments>
<msg timestamp="20210324 21:25:58.224" level="INFO">Opening browser 'Chrome' to base url 'https://dev.us.cloud.onelxk.co'.</msg>
<kw name="Capture Page Screenshot" library="SeleniumLibrary">
<doc>Takes a screenshot of the current page and embeds it into a log file.</doc>
<msg timestamp="20210324 21:26:02.330" level="INFO" html="yes">&lt;/td&gt;&lt;/tr&gt;&lt;tr&gt;&lt;td colspan="3"&gt;&lt;a href="selenium-screenshot-27.png"&gt;&lt;img src="selenium-screenshot-27.png" width="800px"&gt;&lt;/a&gt;</msg>
<status status="PASS" starttime="20210324 21:26:02.021" endtime="20210324 21:26:02.330"></status>
</kw>
<msg timestamp="20210324 21:26:02.331" level="FAIL">WebDriverException: Message: unknown error: net::ERR_NAME_NOT_RESOLVED
  (Session info: chrome=89.0.4389.90)
</msg>
<status status="FAIL" starttime="20210324 21:25:58.224" endtime="20210324 21:26:02.331"></status>
</kw>
<status status="FAIL" starttime="20210324 21:25:58.224" endtime="20210324 21:26:02.332"></status>
</kw>
<test id="s1-s5-t1" name="Validation of Staple combobox setting Staple values as Use printer setting">
<status status="FAIL" starttime="20210324 21:26:02.332" endtime="20210324 21:26:02.333" critical="yes">Parent suite setup failed:
WebDriverException: Message: unknown error: net::ERR_NAME_NOT_RESOLVED
  (Session info: chrome=89.0.4389.90)
</status>
</test>
<test id="s1-s5-t2" name="Validation of Staple combobox setting Staple values as On">
<status status="FAIL" starttime="20210324 21:26:02.334" endtime="20210324 21:26:02.335" critical="yes">Parent suite setup failed:
WebDriverException: Message: unknown error: net::ERR_NAME_NOT_RESOLVED
  (Session info: chrome=89.0.4389.90)
</status>
</test>
<test id="s1-s5-t3" name="Validation of Staple combobox setting Staple values as Off">
<status status="FAIL" starttime="20210324 21:26:02.338" endtime="20210324 21:26:02.339" critical="yes">Parent suite setup failed:
WebDriverException: Message: unknown error: net::ERR_NAME_NOT_RESOLVED
  (Session info: chrome=89.0.4389.90)
</status>
</test>
<test id="s1-s5-t4" name="Validation of Staple combobox setting Staple values as Front">
<status status="FAIL" starttime="20210324 21:26:02.340" endtime="20210324 21:26:02.341" critical="yes">Parent suite setup failed:
WebDriverException: Message: unknown error: net::ERR_NAME_NOT_RESOLVED
  (Session info: chrome=89.0.4389.90)
</status>
</test>
<test id="s1-s5-t5" name="Validation of Staple combobox setting Staple values as Back">
<status status="FAIL" starttime="20210324 21:26:02.343" endtime="20210324 21:26:02.344" critical="yes">Parent suite setup failed:
WebDriverException: Message: unknown error: net::ERR_NAME_NOT_RESOLVED
  (Session info: chrome=89.0.4389.90)
</status>
</test>
<test id="s1-s5-t6" name="Validation of Staple combobox setting Staple values as Dual">
<status status="FAIL" starttime="20210324 21:26:02.347" endtime="20210324 21:26:02.348" critical="yes">Parent suite setup failed:
WebDriverException: Message: unknown error: net::ERR_NAME_NOT_RESOLVED
  (Session info: chrome=89.0.4389.90)
</status>
</test>
<test id="s1-s5-t7" name="Validation of Staple combobox setting Staple values as Dual double">
<status status="FAIL" starttime="20210324 21:26:02.352" endtime="20210324 21:26:02.353" critical="yes">Parent suite setup failed:
WebDriverException: Message: unknown error: net::ERR_NAME_NOT_RESOLVED
  (Session info: chrome=89.0.4389.90)
</status>
</test>
<test id="s1-s5-t8" name="Validation of Staple combobox setting Staple values as Top left">
<status status="FAIL" starttime="20210324 21:26:02.355" endtime="20210324 21:26:02.355" critical="yes">Parent suite setup failed:
WebDriverException: Message: unknown error: net::ERR_NAME_NOT_RESOLVED
  (Session info: chrome=89.0.4389.90)
</status>
</test>
<test id="s1-s5-t9" name="Validation of Staple combobox setting Staple values as Top right">
<status status="FAIL" starttime="20210324 21:26:02.357" endtime="20210324 21:26:02.358" critical="yes">Parent suite setup failed:
WebDriverException: Message: unknown error: net::ERR_NAME_NOT_RESOLVED
  (Session info: chrome=89.0.4389.90)
</status>
</test>
<test id="s1-s5-t10" name="Validation of Staple combobox setting Staple values as Bottom left">
<status status="FAIL" starttime="20210324 21:26:02.360" endtime="20210324 21:26:02.361" critical="yes">Parent suite setup failed:
WebDriverException: Message: unknown error: net::ERR_NAME_NOT_RESOLVED
  (Session info: chrome=89.0.4389.90)
</status>
</test>
<test id="s1-s5-t11" name="Validation of Staple combobox setting Staple values as Bottom right">
<status status="FAIL" starttime="20210324 21:26:02.362" endtime="20210324 21:26:02.363" critical="yes">Parent suite setup failed:
WebDriverException: Message: unknown error: net::ERR_NAME_NOT_RESOLVED
  (Session info: chrome=89.0.4389.90)
</status>
</test>
<test id="s1-s5-t12" name="Validation of Staple combobox setting Staple values as Dual top">
<status status="FAIL" starttime="20210324 21:26:02.364" endtime="20210324 21:26:02.366" critical="yes">Parent suite setup failed:
WebDriverException: Message: unknown error: net::ERR_NAME_NOT_RESOLVED
  (Session info: chrome=89.0.4389.90)
</status>
</test>
<test id="s1-s5-t13" name="Validation of Staple combobox setting Staple values as Dual left">
<status status="FAIL" starttime="20210324 21:26:02.367" endtime="20210324 21:26:02.368" critical="yes">Parent suite setup failed:
WebDriverException: Message: unknown error: net::ERR_NAME_NOT_RESOLVED
  (Session info: chrome=89.0.4389.90)
</status>
</test>
<test id="s1-s5-t14" name="Validation of Staple combobox setting Staple values as Dual bottom">
<status status="FAIL" starttime="20210324 21:26:02.370" endtime="20210324 21:26:02.370" critical="yes">Parent suite setup failed:
WebDriverException: Message: unknown error: net::ERR_NAME_NOT_RESOLVED
  (Session info: chrome=89.0.4389.90)
</status>
</test>
<test id="s1-s5-t15" name="Validation of Staple combobox setting Staple values as Dual right">
<status status="FAIL" starttime="20210324 21:26:02.372" endtime="20210324 21:26:02.374" critical="yes">Parent suite setup failed:
WebDriverException: Message: unknown error: net::ERR_NAME_NOT_RESOLVED
  (Session info: chrome=89.0.4389.90)
</status>
</test>
<kw name="Reset , Log Out and Close Browsers" type="teardown">
<kw name="Sleep Call 1" library="CloudLogin">
<status status="PASS" starttime="20210324 21:26:02.378" endtime="20210324 21:26:04.380"></status>
</kw>
<kw name="Click Element" library="SeleniumLibrary">
<doc>Click the element identified by ``locator``.</doc>
<arguments>
<arg>staple</arg>
</arguments>
<msg timestamp="20210324 21:26:04.380" level="INFO">Clicking element 'staple'.</msg>
<kw name="Capture Page Screenshot" library="SeleniumLibrary">
<doc>Takes a screenshot of the current page and embeds it into a log file.</doc>
<msg timestamp="20210324 21:26:04.719" level="INFO" html="yes">&lt;/td&gt;&lt;/tr&gt;&lt;tr&gt;&lt;td colspan="3"&gt;&lt;a href="selenium-screenshot-28.png"&gt;&lt;img src="selenium-screenshot-28.png" width="800px"&gt;&lt;/a&gt;</msg>
<status status="PASS" starttime="20210324 21:26:04.434" endtime="20210324 21:26:04.719"></status>
</kw>
<msg timestamp="20210324 21:26:04.719" level="FAIL">Element with locator 'staple' not found.</msg>
<status status="FAIL" starttime="20210324 21:26:04.380" endtime="20210324 21:26:04.719"></status>
</kw>
<kw name="Click Element" library="SeleniumLibrary">
<doc>Click the element identified by ``locator``.</doc>
<arguments>
<arg>staple-listbox-item-printer</arg>
</arguments>
<msg timestamp="20210324 21:26:04.719" level="INFO">Clicking element 'staple-listbox-item-printer'.</msg>
<kw name="Capture Page Screenshot" library="SeleniumLibrary">
<doc>Takes a screenshot of the current page and embeds it into a log file.</doc>
<msg timestamp="20210324 21:26:05.009" level="INFO" html="yes">&lt;/td&gt;&lt;/tr&gt;&lt;tr&gt;&lt;td colspan="3"&gt;&lt;a href="selenium-screenshot-29.png"&gt;&lt;img src="selenium-screenshot-29.png" width="800px"&gt;&lt;/a&gt;</msg>
<status status="PASS" starttime="20210324 21:26:04.734" endtime="20210324 21:26:05.009"></status>
</kw>
<msg timestamp="20210324 21:26:05.009" level="FAIL">Element with locator 'staple-listbox-item-printer' not found.</msg>
<status status="FAIL" starttime="20210324 21:26:04.719" endtime="20210324 21:26:05.009"></status>
</kw>
<kw name="Sleep Call 1" library="CloudLogin">
<status status="PASS" starttime="20210324 21:26:05.009" endtime="20210324 21:26:07.009"></status>
</kw>
<kw name="Click Button" library="SeleniumLibrary">
<doc>Clicks the button identified by ``locator``.</doc>
<arguments>
<arg>saveChangesButton</arg>
</arguments>
<msg timestamp="20210324 21:26:07.010" level="INFO">Clicking button 'saveChangesButton'.</msg>
<kw name="Capture Page Screenshot" library="SeleniumLibrary">
<doc>Takes a screenshot of the current page and embeds it into a log file.</doc>
<msg timestamp="20210324 21:26:07.341" level="INFO" html="yes">&lt;/td&gt;&lt;/tr&gt;&lt;tr&gt;&lt;td colspan="3"&gt;&lt;a href="selenium-screenshot-30.png"&gt;&lt;img src="selenium-screenshot-30.png" width="800px"&gt;&lt;/a&gt;</msg>
<status status="PASS" starttime="20210324 21:26:07.056" endtime="20210324 21:26:07.341"></status>
</kw>
<msg timestamp="20210324 21:26:07.341" level="FAIL">Button with locator 'saveChangesButton' not found.</msg>
<status status="FAIL" starttime="20210324 21:26:07.009" endtime="20210324 21:26:07.341"></status>
</kw>
<kw name="Wait Until Page Contains Element" library="SeleniumLibrary">
<doc>Waits until the element ``locator`` appears on the current page.</doc>
<arguments>
<arg>settingsUpdatingBusySpinner</arg>
</arguments>
<kw name="Capture Page Screenshot" library="SeleniumLibrary">
<doc>Takes a screenshot of the current page and embeds it into a log file.</doc>
<msg timestamp="20210324 21:26:12.625" level="INFO" html="yes">&lt;/td&gt;&lt;/tr&gt;&lt;tr&gt;&lt;td colspan="3"&gt;&lt;a href="selenium-screenshot-31.png"&gt;&lt;img src="selenium-screenshot-31.png" width="800px"&gt;&lt;/a&gt;</msg>
<status status="PASS" starttime="20210324 21:26:12.359" endtime="20210324 21:26:12.625"></status>
</kw>
<msg timestamp="20210324 21:26:12.625" level="FAIL">Element 'settingsUpdatingBusySpinner' did not appear in 5 seconds.</msg>
<status status="FAIL" starttime="20210324 21:26:07.341" endtime="20210324 21:26:12.625"></status>
</kw>
<kw name="Sleep Call 1" library="CloudLogin">
<status status="PASS" starttime="20210324 21:26:12.625" endtime="20210324 21:26:14.625"></status>
</kw>
<kw name="Set Variable" library="BuiltIn">
<doc>Returns the given values which can then be assigned to a variables.</doc>
<arguments>
<arg>userMenu</arg>
</arguments>
<assign>
<var>${usermenu}</var>
</assign>
<msg timestamp="20210324 21:26:14.626" level="INFO">${usermenu} = userMenu</msg>
<status status="PASS" starttime="20210324 21:26:14.625" endtime="20210324 21:26:14.626"></status>
</kw>
<kw name="Set Variable" library="BuiltIn">
<doc>Returns the given values which can then be assigned to a variables.</doc>
<arguments>
<arg>link-logout</arg>
</arguments>
<assign>
<var>${logout}</var>
</assign>
<msg timestamp="20210324 21:26:14.627" level="INFO">${logout} = link-logout</msg>
<status status="PASS" starttime="20210324 21:26:14.626" endtime="20210324 21:26:14.627"></status>
</kw>
<kw name="Click Element" library="SeleniumLibrary">
<doc>Click the element identified by ``locator``.</doc>
<arguments>
<arg>${usermenu}</arg>
</arguments>
<msg timestamp="20210324 21:26:14.628" level="INFO">Clicking element 'userMenu'.</msg>
<kw name="Capture Page Screenshot" library="SeleniumLibrary">
<doc>Takes a screenshot of the current page and embeds it into a log file.</doc>
<msg timestamp="20210324 21:26:14.974" level="INFO" html="yes">&lt;/td&gt;&lt;/tr&gt;&lt;tr&gt;&lt;td colspan="3"&gt;&lt;a href="selenium-screenshot-32.png"&gt;&lt;img src="selenium-screenshot-32.png" width="800px"&gt;&lt;/a&gt;</msg>
<status status="PASS" starttime="20210324 21:26:14.669" endtime="20210324 21:26:14.975"></status>
</kw>
<msg timestamp="20210324 21:26:14.976" level="FAIL">Element with locator 'userMenu' not found.</msg>
<status status="FAIL" starttime="20210324 21:26:14.627" endtime="20210324 21:26:14.976"></status>
</kw>
<kw name="Wait Until Page Contains Element" library="SeleniumLibrary">
<doc>Waits until the element ``locator`` appears on the current page.</doc>
<arguments>
<arg>${logout}</arg>
</arguments>
<kw name="Capture Page Screenshot" library="SeleniumLibrary">
<doc>Takes a screenshot of the current page and embeds it into a log file.</doc>
<msg timestamp="20210324 21:26:20.369" level="INFO" html="yes">&lt;/td&gt;&lt;/tr&gt;&lt;tr&gt;&lt;td colspan="3"&gt;&lt;a href="selenium-screenshot-33.png"&gt;&lt;img src="selenium-screenshot-33.png" width="800px"&gt;&lt;/a&gt;</msg>
<status status="PASS" starttime="20210324 21:26:20.012" endtime="20210324 21:26:20.370"></status>
</kw>
<msg timestamp="20210324 21:26:20.371" level="FAIL">Element 'link-logout' did not appear in 5 seconds.</msg>
<status status="FAIL" starttime="20210324 21:26:14.977" endtime="20210324 21:26:20.371"></status>
</kw>
<kw name="Sleep Call 2" library="CloudLogin">
<status status="PASS" starttime="20210324 21:26:20.371" endtime="20210324 21:26:24.386"></status>
</kw>
<kw name="Click Element" library="SeleniumLibrary">
<doc>Click the element identified by ``locator``.</doc>
<arguments>
<arg>${logout}</arg>
</arguments>
<msg timestamp="20210324 21:26:24.386" level="INFO">Clicking element 'link-logout'.</msg>
<kw name="Capture Page Screenshot" library="SeleniumLibrary">
<doc>Takes a screenshot of the current page and embeds it into a log file.</doc>
<msg timestamp="20210324 21:26:24.739" level="INFO" html="yes">&lt;/td&gt;&lt;/tr&gt;&lt;tr&gt;&lt;td colspan="3"&gt;&lt;a href="selenium-screenshot-34.png"&gt;&lt;img src="selenium-screenshot-34.png" width="800px"&gt;&lt;/a&gt;</msg>
<status status="PASS" starttime="20210324 21:26:24.418" endtime="20210324 21:26:24.739"></status>
</kw>
<msg timestamp="20210324 21:26:24.739" level="FAIL">Element with locator 'link-logout' not found.</msg>
<status status="FAIL" starttime="20210324 21:26:24.386" endtime="20210324 21:26:24.739"></status>
</kw>
<kw name="Sleep Call" library="CloudLogin">
<status status="PASS" starttime="20210324 21:26:24.739" endtime="20210324 21:26:29.749"></status>
</kw>
<kw name="Close All Browsers" library="SeleniumLibrary">
<doc>Closes all open browsers and resets the browser cache.</doc>
<status status="PASS" starttime="20210324 21:26:29.749" endtime="20210324 21:26:32.479"></status>
</kw>
<status status="FAIL" starttime="20210324 21:26:02.378" endtime="20210324 21:26:32.479">Several failures occurred:

1) Element with locator 'staple' not found.

2) Element with locator 'staple-listbox-item-printer' not found.

3) Button with locator 'saveChangesButton' not found.

4) Element 'settingsUpdatingBusySpinner' did not appear in 5 seconds.

5) Element with locator 'userMenu' not found.

6) Element 'link-logout' did not appear in 5 seconds.

7) Element with locator 'link-logout' not found.</status>
</kw>
<status status="FAIL" starttime="20210324 21:25:56.590" endtime="20210324 21:26:32.479">Suite setup failed:
WebDriverException: Message: unknown error: net::ERR_NAME_NOT_RESOLVED
  (Session info: chrome=89.0.4389.90)


Also suite teardown failed:
Several failures occurred:

1) Element with locator 'staple' not found.

2) Element with locator 'staple-listbox-item-printer' not found.

3) Button with locator 'saveChangesButton' not found.

4) Element 'settingsUpdatingBusySpinner' did not appear in 5 seconds.

5) Element with locator 'userMenu' not found.

6) Element 'link-logout' did not appear in 5 seconds.

7) Element with locator 'link-logout' not found.</status>
</suite>
<suite id="s1-s6" name="WebUpload CPM TC5 Holepunch" source="C:\Users\neogis\D Drive\FREEDOM\Python\CloudAutomation\WebUpload\WebUpload_CPM_TC5_Holepunch.robot">
<kw name="Check total number of holepunch options" type="setup">
<kw name="Open Browser" library="SeleniumLibrary">
<doc>Opens a new browser instance to the optional ``url``.</doc>
<arguments>
<arg>${LOGIN URL}</arg>
<arg>${BROWSER}</arg>
</arguments>
<msg timestamp="20210324 21:26:33.164" level="INFO">Opening browser 'Chrome' to base url 'https://dev.us.cloud.onelxk.co'.</msg>
<kw name="Capture Page Screenshot" library="SeleniumLibrary">
<doc>Takes a screenshot of the current page and embeds it into a log file.</doc>
<msg timestamp="20210324 21:26:36.924" level="INFO" html="yes">&lt;/td&gt;&lt;/tr&gt;&lt;tr&gt;&lt;td colspan="3"&gt;&lt;a href="selenium-screenshot-35.png"&gt;&lt;img src="selenium-screenshot-35.png" width="800px"&gt;&lt;/a&gt;</msg>
<status status="PASS" starttime="20210324 21:26:36.599" endtime="20210324 21:26:36.925"></status>
</kw>
<msg timestamp="20210324 21:26:36.926" level="FAIL">WebDriverException: Message: unknown error: net::ERR_NAME_NOT_RESOLVED
  (Session info: chrome=89.0.4389.90)
</msg>
<status status="FAIL" starttime="20210324 21:26:33.164" endtime="20210324 21:26:36.926"></status>
</kw>
<status status="FAIL" starttime="20210324 21:26:33.164" endtime="20210324 21:26:36.928"></status>
</kw>
<test id="s1-s6-t1" name="Validation of Holepunch combobox setting Holepunch values as Use printer setting">
<status status="FAIL" starttime="20210324 21:26:36.928" endtime="20210324 21:26:36.928" critical="yes">Parent suite setup failed:
WebDriverException: Message: unknown error: net::ERR_NAME_NOT_RESOLVED
  (Session info: chrome=89.0.4389.90)
</status>
</test>
<test id="s1-s6-t2" name="Validation of Holepunch combobox setting Holepunch values as Off">
<status status="FAIL" starttime="20210324 21:26:36.928" endtime="20210324 21:26:36.928" critical="yes">Parent suite setup failed:
WebDriverException: Message: unknown error: net::ERR_NAME_NOT_RESOLVED
  (Session info: chrome=89.0.4389.90)
</status>
</test>
<test id="s1-s6-t3" name="Validation of Holepunch combobox setting Holepunch values as 2-Hole">
<status status="FAIL" starttime="20210324 21:26:36.928" endtime="20210324 21:26:36.928" critical="yes">Parent suite setup failed:
WebDriverException: Message: unknown error: net::ERR_NAME_NOT_RESOLVED
  (Session info: chrome=89.0.4389.90)
</status>
</test>
<test id="s1-s6-t4" name="Validation of Holepunch combobox setting Holepunch values as 3-Hole">
<status status="FAIL" starttime="20210324 21:26:36.928" endtime="20210324 21:26:36.928" critical="yes">Parent suite setup failed:
WebDriverException: Message: unknown error: net::ERR_NAME_NOT_RESOLVED
  (Session info: chrome=89.0.4389.90)
</status>
</test>
<test id="s1-s6-t5" name="Validation of Holepunch combobox setting Holepunch values as 4-Hole">
<status status="FAIL" starttime="20210324 21:26:36.928" endtime="20210324 21:26:36.928" critical="yes">Parent suite setup failed:
WebDriverException: Message: unknown error: net::ERR_NAME_NOT_RESOLVED
  (Session info: chrome=89.0.4389.90)
</status>
</test>
<kw name="Reset , Log Out and Close Browsers" type="teardown">
<kw name="Sleep Call 1" library="CloudLogin">
<status status="PASS" starttime="20210324 21:26:36.928" endtime="20210324 21:26:38.941"></status>
</kw>
<kw name="Click Element" library="SeleniumLibrary">
<doc>Click the element identified by ``locator``.</doc>
<arguments>
<arg>holePunch</arg>
</arguments>
<msg timestamp="20210324 21:26:38.941" level="INFO">Clicking element 'holePunch'.</msg>
<kw name="Capture Page Screenshot" library="SeleniumLibrary">
<doc>Takes a screenshot of the current page and embeds it into a log file.</doc>
<msg timestamp="20210324 21:26:39.241" level="INFO" html="yes">&lt;/td&gt;&lt;/tr&gt;&lt;tr&gt;&lt;td colspan="3"&gt;&lt;a href="selenium-screenshot-36.png"&gt;&lt;img src="selenium-screenshot-36.png" width="800px"&gt;&lt;/a&gt;</msg>
<status status="PASS" starttime="20210324 21:26:38.941" endtime="20210324 21:26:39.241"></status>
</kw>
<msg timestamp="20210324 21:26:39.241" level="FAIL">Element with locator 'holePunch' not found.</msg>
<status status="FAIL" starttime="20210324 21:26:38.941" endtime="20210324 21:26:39.241"></status>
</kw>
<kw name="Click Element" library="SeleniumLibrary">
<doc>Click the element identified by ``locator``.</doc>
<arguments>
<arg>holePunch-listbox-item-printer</arg>
</arguments>
<msg timestamp="20210324 21:26:39.241" level="INFO">Clicking element 'holePunch-listbox-item-printer'.</msg>
<kw name="Capture Page Screenshot" library="SeleniumLibrary">
<doc>Takes a screenshot of the current page and embeds it into a log file.</doc>
<msg timestamp="20210324 21:26:39.552" level="INFO" html="yes">&lt;/td&gt;&lt;/tr&gt;&lt;tr&gt;&lt;td colspan="3"&gt;&lt;a href="selenium-screenshot-37.png"&gt;&lt;img src="selenium-screenshot-37.png" width="800px"&gt;&lt;/a&gt;</msg>
<status status="PASS" starttime="20210324 21:26:39.256" endtime="20210324 21:26:39.554"></status>
</kw>
<msg timestamp="20210324 21:26:39.554" level="FAIL">Element with locator 'holePunch-listbox-item-printer' not found.</msg>
<status status="FAIL" starttime="20210324 21:26:39.241" endtime="20210324 21:26:39.554"></status>
</kw>
<kw name="Sleep Call 1" library="CloudLogin">
<status status="PASS" starttime="20210324 21:26:39.554" endtime="20210324 21:26:41.569"></status>
</kw>
<kw name="Click Button" library="SeleniumLibrary">
<doc>Clicks the button identified by ``locator``.</doc>
<arguments>
<arg>saveChangesButton</arg>
</arguments>
<msg timestamp="20210324 21:26:41.569" level="INFO">Clicking button 'saveChangesButton'.</msg>
<kw name="Capture Page Screenshot" library="SeleniumLibrary">
<doc>Takes a screenshot of the current page and embeds it into a log file.</doc>
<msg timestamp="20210324 21:26:41.889" level="INFO" html="yes">&lt;/td&gt;&lt;/tr&gt;&lt;tr&gt;&lt;td colspan="3"&gt;&lt;a href="selenium-screenshot-38.png"&gt;&lt;img src="selenium-screenshot-38.png" width="800px"&gt;&lt;/a&gt;</msg>
<status status="PASS" starttime="20210324 21:26:41.596" endtime="20210324 21:26:41.889"></status>
</kw>
<msg timestamp="20210324 21:26:41.904" level="FAIL">Button with locator 'saveChangesButton' not found.</msg>
<status status="FAIL" starttime="20210324 21:26:41.569" endtime="20210324 21:26:41.904"></status>
</kw>
<kw name="Wait Until Page Contains Element" library="SeleniumLibrary">
<doc>Waits until the element ``locator`` appears on the current page.</doc>
<arguments>
<arg>settingsUpdatingBusySpinner</arg>
</arguments>
<kw name="Capture Page Screenshot" library="SeleniumLibrary">
<doc>Takes a screenshot of the current page and embeds it into a log file.</doc>
<msg timestamp="20210324 21:26:47.237" level="INFO" html="yes">&lt;/td&gt;&lt;/tr&gt;&lt;tr&gt;&lt;td colspan="3"&gt;&lt;a href="selenium-screenshot-39.png"&gt;&lt;img src="selenium-screenshot-39.png" width="800px"&gt;&lt;/a&gt;</msg>
<status status="PASS" starttime="20210324 21:26:46.948" endtime="20210324 21:26:47.237"></status>
</kw>
<msg timestamp="20210324 21:26:47.237" level="FAIL">Element 'settingsUpdatingBusySpinner' did not appear in 5 seconds.</msg>
<status status="FAIL" starttime="20210324 21:26:41.904" endtime="20210324 21:26:47.237"></status>
</kw>
<kw name="Sleep Call 1" library="CloudLogin">
<status status="PASS" starttime="20210324 21:26:47.237" endtime="20210324 21:26:49.237"></status>
</kw>
<kw name="Set Variable" library="BuiltIn">
<doc>Returns the given values which can then be assigned to a variables.</doc>
<arguments>
<arg>userMenu</arg>
</arguments>
<assign>
<var>${usermenu}</var>
</assign>
<msg timestamp="20210324 21:26:49.240" level="INFO">${usermenu} = userMenu</msg>
<status status="PASS" starttime="20210324 21:26:49.238" endtime="20210324 21:26:49.240"></status>
</kw>
<kw name="Set Variable" library="BuiltIn">
<doc>Returns the given values which can then be assigned to a variables.</doc>
<arguments>
<arg>link-logout</arg>
</arguments>
<assign>
<var>${logout}</var>
</assign>
<msg timestamp="20210324 21:26:49.243" level="INFO">${logout} = link-logout</msg>
<status status="PASS" starttime="20210324 21:26:49.241" endtime="20210324 21:26:49.243"></status>
</kw>
<kw name="Click Element" library="SeleniumLibrary">
<doc>Click the element identified by ``locator``.</doc>
<arguments>
<arg>${usermenu}</arg>
</arguments>
<msg timestamp="20210324 21:26:49.245" level="INFO">Clicking element 'userMenu'.</msg>
<kw name="Capture Page Screenshot" library="SeleniumLibrary">
<doc>Takes a screenshot of the current page and embeds it into a log file.</doc>
<msg timestamp="20210324 21:26:49.598" level="INFO" html="yes">&lt;/td&gt;&lt;/tr&gt;&lt;tr&gt;&lt;td colspan="3"&gt;&lt;a href="selenium-screenshot-40.png"&gt;&lt;img src="selenium-screenshot-40.png" width="800px"&gt;&lt;/a&gt;</msg>
<status status="PASS" starttime="20210324 21:26:49.283" endtime="20210324 21:26:49.599"></status>
</kw>
<msg timestamp="20210324 21:26:49.600" level="FAIL">Element with locator 'userMenu' not found.</msg>
<status status="FAIL" starttime="20210324 21:26:49.244" endtime="20210324 21:26:49.600"></status>
</kw>
<kw name="Wait Until Page Contains Element" library="SeleniumLibrary">
<doc>Waits until the element ``locator`` appears on the current page.</doc>
<arguments>
<arg>${logout}</arg>
</arguments>
<kw name="Capture Page Screenshot" library="SeleniumLibrary">
<doc>Takes a screenshot of the current page and embeds it into a log file.</doc>
<msg timestamp="20210324 21:26:55.098" level="INFO" html="yes">&lt;/td&gt;&lt;/tr&gt;&lt;tr&gt;&lt;td colspan="3"&gt;&lt;a href="selenium-screenshot-41.png"&gt;&lt;img src="selenium-screenshot-41.png" width="800px"&gt;&lt;/a&gt;</msg>
<status status="PASS" starttime="20210324 21:26:54.784" endtime="20210324 21:26:55.098"></status>
</kw>
<msg timestamp="20210324 21:26:55.099" level="FAIL">Element 'link-logout' did not appear in 5 seconds.</msg>
<status status="FAIL" starttime="20210324 21:26:49.601" endtime="20210324 21:26:55.099"></status>
</kw>
<kw name="Sleep Call 2" library="CloudLogin">
<status status="PASS" starttime="20210324 21:26:55.099" endtime="20210324 21:26:59.108"></status>
</kw>
<kw name="Click Element" library="SeleniumLibrary">
<doc>Click the element identified by ``locator``.</doc>
<arguments>
<arg>${logout}</arg>
</arguments>
<msg timestamp="20210324 21:26:59.108" level="INFO">Clicking element 'link-logout'.</msg>
<kw name="Capture Page Screenshot" library="SeleniumLibrary">
<doc>Takes a screenshot of the current page and embeds it into a log file.</doc>
<msg timestamp="20210324 21:26:59.415" level="INFO" html="yes">&lt;/td&gt;&lt;/tr&gt;&lt;tr&gt;&lt;td colspan="3"&gt;&lt;a href="selenium-screenshot-42.png"&gt;&lt;img src="selenium-screenshot-42.png" width="800px"&gt;&lt;/a&gt;</msg>
<status status="PASS" starttime="20210324 21:26:59.114" endtime="20210324 21:26:59.415"></status>
</kw>
<msg timestamp="20210324 21:26:59.415" level="FAIL">Element with locator 'link-logout' not found.</msg>
<status status="FAIL" starttime="20210324 21:26:59.108" endtime="20210324 21:26:59.415"></status>
</kw>
<kw name="Sleep Call" library="CloudLogin">
<status status="PASS" starttime="20210324 21:26:59.415" endtime="20210324 21:27:04.417"></status>
</kw>
<kw name="Close All Browsers" library="SeleniumLibrary">
<doc>Closes all open browsers and resets the browser cache.</doc>
<status status="PASS" starttime="20210324 21:27:04.417" endtime="20210324 21:27:07.349"></status>
</kw>
<status status="FAIL" starttime="20210324 21:26:36.928" endtime="20210324 21:27:07.349">Several failures occurred:

1) Element with locator 'holePunch' not found.

2) Element with locator 'holePunch-listbox-item-printer' not found.

3) Button with locator 'saveChangesButton' not found.

4) Element 'settingsUpdatingBusySpinner' did not appear in 5 seconds.

5) Element with locator 'userMenu' not found.

6) Element 'link-logout' did not appear in 5 seconds.

7) Element with locator 'link-logout' not found.</status>
</kw>
<status status="FAIL" starttime="20210324 21:26:32.494" endtime="20210324 21:27:07.349">Suite setup failed:
WebDriverException: Message: unknown error: net::ERR_NAME_NOT_RESOLVED
  (Session info: chrome=89.0.4389.90)


Also suite teardown failed:
Several failures occurred:

1) Element with locator 'holePunch' not found.

2) Element with locator 'holePunch-listbox-item-printer' not found.

3) Button with locator 'saveChangesButton' not found.

4) Element 'settingsUpdatingBusySpinner' did not appear in 5 seconds.

5) Element with locator 'userMenu' not found.

6) Element 'link-logout' did not appear in 5 seconds.

7) Element with locator 'link-logout' not found.</status>
</suite>
<suite id="s1-s7" name="WebUpload CPM TC6 Fold" source="C:\Users\neogis\D Drive\FREEDOM\Python\CloudAutomation\WebUpload\WebUpload_CPM_TC6_Fold.robot">
<kw name="Check total number of fold options" type="setup">
<kw name="Open Browser" library="SeleniumLibrary">
<doc>Opens a new browser instance to the optional ``url``.</doc>
<arguments>
<arg>${LOGIN URL}</arg>
<arg>${BROWSER}</arg>
</arguments>
<msg timestamp="20210324 21:27:07.975" level="INFO">Opening browser 'Chrome' to base url 'https://dev.us.cloud.onelxk.co'.</msg>
<kw name="Capture Page Screenshot" library="SeleniumLibrary">
<doc>Takes a screenshot of the current page and embeds it into a log file.</doc>
<msg timestamp="20210324 21:27:12.071" level="INFO" html="yes">&lt;/td&gt;&lt;/tr&gt;&lt;tr&gt;&lt;td colspan="3"&gt;&lt;a href="selenium-screenshot-43.png"&gt;&lt;img src="selenium-screenshot-43.png" width="800px"&gt;&lt;/a&gt;</msg>
<status status="PASS" starttime="20210324 21:27:11.771" endtime="20210324 21:27:12.071"></status>
</kw>
<msg timestamp="20210324 21:27:12.072" level="FAIL">WebDriverException: Message: unknown error: net::ERR_NAME_NOT_RESOLVED
  (Session info: chrome=89.0.4389.90)
</msg>
<status status="FAIL" starttime="20210324 21:27:07.975" endtime="20210324 21:27:12.073"></status>
</kw>
<status status="FAIL" starttime="20210324 21:27:07.975" endtime="20210324 21:27:12.073"></status>
</kw>
<test id="s1-s7-t1" name="Validation of Fold combobox setting Fold values as Use printer setting">
<status status="FAIL" starttime="20210324 21:27:12.073" endtime="20210324 21:27:12.075" critical="yes">Parent suite setup failed:
WebDriverException: Message: unknown error: net::ERR_NAME_NOT_RESOLVED
  (Session info: chrome=89.0.4389.90)
</status>
</test>
<test id="s1-s7-t2" name="Validation of Fold combobox setting Fold values as Off">
<status status="FAIL" starttime="20210324 21:27:12.079" endtime="20210324 21:27:12.079" critical="yes">Parent suite setup failed:
WebDriverException: Message: unknown error: net::ERR_NAME_NOT_RESOLVED
  (Session info: chrome=89.0.4389.90)
</status>
</test>
<test id="s1-s7-t3" name="Validation of Fold combobox setting Fold values as Bifold">
<status status="FAIL" starttime="20210324 21:27:12.079" endtime="20210324 21:27:12.079" critical="yes">Parent suite setup failed:
WebDriverException: Message: unknown error: net::ERR_NAME_NOT_RESOLVED
  (Session info: chrome=89.0.4389.90)
</status>
</test>
<test id="s1-s7-t4" name="Validation of Fold combobox setting Fold values as Trifold">
<status status="FAIL" starttime="20210324 21:27:12.079" endtime="20210324 21:27:12.079" critical="yes">Parent suite setup failed:
WebDriverException: Message: unknown error: net::ERR_NAME_NOT_RESOLVED
  (Session info: chrome=89.0.4389.90)
</status>
</test>
<test id="s1-s7-t5" name="Validation of Fold combobox setting Fold values as Booklet">
<status status="FAIL" starttime="20210324 21:27:12.079" endtime="20210324 21:27:12.079" critical="yes">Parent suite setup failed:
WebDriverException: Message: unknown error: net::ERR_NAME_NOT_RESOLVED
  (Session info: chrome=89.0.4389.90)
</status>
</test>
<kw name="Reset , Log Out and Close Browsers" type="teardown">
<kw name="Sleep Call 1" library="CloudLogin">
<status status="PASS" starttime="20210324 21:27:12.079" endtime="20210324 21:27:14.100"></status>
</kw>
<kw name="Click Element" library="SeleniumLibrary">
<doc>Click the element identified by ``locator``.</doc>
<arguments>
<arg>fold</arg>
</arguments>
<msg timestamp="20210324 21:27:14.100" level="INFO">Clicking element 'fold'.</msg>
<kw name="Capture Page Screenshot" library="SeleniumLibrary">
<doc>Takes a screenshot of the current page and embeds it into a log file.</doc>
<msg timestamp="20210324 21:27:14.416" level="INFO" html="yes">&lt;/td&gt;&lt;/tr&gt;&lt;tr&gt;&lt;td colspan="3"&gt;&lt;a href="selenium-screenshot-44.png"&gt;&lt;img src="selenium-screenshot-44.png" width="800px"&gt;&lt;/a&gt;</msg>
<status status="PASS" starttime="20210324 21:27:14.116" endtime="20210324 21:27:14.416"></status>
</kw>
<msg timestamp="20210324 21:27:14.416" level="FAIL">Element with locator 'fold' not found.</msg>
<status status="FAIL" starttime="20210324 21:27:14.100" endtime="20210324 21:27:14.416"></status>
</kw>
<kw name="Click Element" library="SeleniumLibrary">
<doc>Click the element identified by ``locator``.</doc>
<arguments>
<arg>fold-listbox-item-printer</arg>
</arguments>
<msg timestamp="20210324 21:27:14.416" level="INFO">Clicking element 'fold-listbox-item-printer'.</msg>
<kw name="Capture Page Screenshot" library="SeleniumLibrary">
<doc>Takes a screenshot of the current page and embeds it into a log file.</doc>
<msg timestamp="20210324 21:27:14.707" level="INFO" html="yes">&lt;/td&gt;&lt;/tr&gt;&lt;tr&gt;&lt;td colspan="3"&gt;&lt;a href="selenium-screenshot-45.png"&gt;&lt;img src="selenium-screenshot-45.png" width="800px"&gt;&lt;/a&gt;</msg>
<status status="PASS" starttime="20210324 21:27:14.432" endtime="20210324 21:27:14.707"></status>
</kw>
<msg timestamp="20210324 21:27:14.707" level="FAIL">Element with locator 'fold-listbox-item-printer' not found.</msg>
<status status="FAIL" starttime="20210324 21:27:14.416" endtime="20210324 21:27:14.707"></status>
</kw>
<kw name="Sleep Call 1" library="CloudLogin">
<status status="PASS" starttime="20210324 21:27:14.707" endtime="20210324 21:27:16.716"></status>
</kw>
<kw name="Click Button" library="SeleniumLibrary">
<doc>Clicks the button identified by ``locator``.</doc>
<arguments>
<arg>saveChangesButton</arg>
</arguments>
<msg timestamp="20210324 21:27:16.716" level="INFO">Clicking button 'saveChangesButton'.</msg>
<kw name="Capture Page Screenshot" library="SeleniumLibrary">
<doc>Takes a screenshot of the current page and embeds it into a log file.</doc>
<msg timestamp="20210324 21:27:17.070" level="INFO" html="yes">&lt;/td&gt;&lt;/tr&gt;&lt;tr&gt;&lt;td colspan="3"&gt;&lt;a href="selenium-screenshot-46.png"&gt;&lt;img src="selenium-screenshot-46.png" width="800px"&gt;&lt;/a&gt;</msg>
<status status="PASS" starttime="20210324 21:27:16.751" endtime="20210324 21:27:17.070"></status>
</kw>
<msg timestamp="20210324 21:27:17.070" level="FAIL">Button with locator 'saveChangesButton' not found.</msg>
<status status="FAIL" starttime="20210324 21:27:16.716" endtime="20210324 21:27:17.070"></status>
</kw>
<kw name="Wait Until Page Contains Element" library="SeleniumLibrary">
<doc>Waits until the element ``locator`` appears on the current page.</doc>
<arguments>
<arg>settingsUpdatingBusySpinner</arg>
</arguments>
<kw name="Capture Page Screenshot" library="SeleniumLibrary">
<doc>Takes a screenshot of the current page and embeds it into a log file.</doc>
<msg timestamp="20210324 21:27:22.602" level="INFO" html="yes">&lt;/td&gt;&lt;/tr&gt;&lt;tr&gt;&lt;td colspan="3"&gt;&lt;a href="selenium-screenshot-47.png"&gt;&lt;img src="selenium-screenshot-47.png" width="800px"&gt;&lt;/a&gt;</msg>
<status status="PASS" starttime="20210324 21:27:22.285" endtime="20210324 21:27:22.602"></status>
</kw>
<msg timestamp="20210324 21:27:22.602" level="FAIL">Element 'settingsUpdatingBusySpinner' did not appear in 5 seconds.</msg>
<status status="FAIL" starttime="20210324 21:27:17.070" endtime="20210324 21:27:22.602"></status>
</kw>
<kw name="Sleep Call 1" library="CloudLogin">
<status status="PASS" starttime="20210324 21:27:22.602" endtime="20210324 21:27:24.603"></status>
</kw>
<kw name="Set Variable" library="BuiltIn">
<doc>Returns the given values which can then be assigned to a variables.</doc>
<arguments>
<arg>userMenu</arg>
</arguments>
<assign>
<var>${usermenu}</var>
</assign>
<msg timestamp="20210324 21:27:24.603" level="INFO">${usermenu} = userMenu</msg>
<status status="PASS" starttime="20210324 21:27:24.603" endtime="20210324 21:27:24.604"></status>
</kw>
<kw name="Set Variable" library="BuiltIn">
<doc>Returns the given values which can then be assigned to a variables.</doc>
<arguments>
<arg>link-logout</arg>
</arguments>
<assign>
<var>${logout}</var>
</assign>
<msg timestamp="20210324 21:27:24.604" level="INFO">${logout} = link-logout</msg>
<status status="PASS" starttime="20210324 21:27:24.604" endtime="20210324 21:27:24.604"></status>
</kw>
<kw name="Click Element" library="SeleniumLibrary">
<doc>Click the element identified by ``locator``.</doc>
<arguments>
<arg>${usermenu}</arg>
</arguments>
<msg timestamp="20210324 21:27:24.605" level="INFO">Clicking element 'userMenu'.</msg>
<kw name="Capture Page Screenshot" library="SeleniumLibrary">
<doc>Takes a screenshot of the current page and embeds it into a log file.</doc>
<msg timestamp="20210324 21:27:24.911" level="INFO" html="yes">&lt;/td&gt;&lt;/tr&gt;&lt;tr&gt;&lt;td colspan="3"&gt;&lt;a href="selenium-screenshot-48.png"&gt;&lt;img src="selenium-screenshot-48.png" width="800px"&gt;&lt;/a&gt;</msg>
<status status="PASS" starttime="20210324 21:27:24.621" endtime="20210324 21:27:24.911"></status>
</kw>
<msg timestamp="20210324 21:27:24.912" level="FAIL">Element with locator 'userMenu' not found.</msg>
<status status="FAIL" starttime="20210324 21:27:24.604" endtime="20210324 21:27:24.913"></status>
</kw>
<kw name="Wait Until Page Contains Element" library="SeleniumLibrary">
<doc>Waits until the element ``locator`` appears on the current page.</doc>
<arguments>
<arg>${logout}</arg>
</arguments>
<kw name="Capture Page Screenshot" library="SeleniumLibrary">
<doc>Takes a screenshot of the current page and embeds it into a log file.</doc>
<msg timestamp="20210324 21:27:30.296" level="INFO" html="yes">&lt;/td&gt;&lt;/tr&gt;&lt;tr&gt;&lt;td colspan="3"&gt;&lt;a href="selenium-screenshot-49.png"&gt;&lt;img src="selenium-screenshot-49.png" width="800px"&gt;&lt;/a&gt;</msg>
<status status="PASS" starttime="20210324 21:27:29.984" endtime="20210324 21:27:30.296"></status>
</kw>
<msg timestamp="20210324 21:27:30.297" level="FAIL">Element 'link-logout' did not appear in 5 seconds.</msg>
<status status="FAIL" starttime="20210324 21:27:24.913" endtime="20210324 21:27:30.297"></status>
</kw>
<kw name="Sleep Call 2" library="CloudLogin">
<status status="PASS" starttime="20210324 21:27:30.297" endtime="20210324 21:27:34.298"></status>
</kw>
<kw name="Click Element" library="SeleniumLibrary">
<doc>Click the element identified by ``locator``.</doc>
<arguments>
<arg>${logout}</arg>
</arguments>
<msg timestamp="20210324 21:27:34.298" level="INFO">Clicking element 'link-logout'.</msg>
<kw name="Capture Page Screenshot" library="SeleniumLibrary">
<doc>Takes a screenshot of the current page and embeds it into a log file.</doc>
<msg timestamp="20210324 21:27:34.620" level="INFO" html="yes">&lt;/td&gt;&lt;/tr&gt;&lt;tr&gt;&lt;td colspan="3"&gt;&lt;a href="selenium-screenshot-50.png"&gt;&lt;img src="selenium-screenshot-50.png" width="800px"&gt;&lt;/a&gt;</msg>
<status status="PASS" starttime="20210324 21:27:34.308" endtime="20210324 21:27:34.620"></status>
</kw>
<msg timestamp="20210324 21:27:34.622" level="FAIL">Element with locator 'link-logout' not found.</msg>
<status status="FAIL" starttime="20210324 21:27:34.298" endtime="20210324 21:27:34.622"></status>
</kw>
<kw name="Sleep Call" library="CloudLogin">
<status status="PASS" starttime="20210324 21:27:34.622" endtime="20210324 21:27:39.627"></status>
</kw>
<kw name="Close All Browsers" library="SeleniumLibrary">
<doc>Closes all open browsers and resets the browser cache.</doc>
<status status="PASS" starttime="20210324 21:27:39.627" endtime="20210324 21:27:42.233"></status>
</kw>
<status status="FAIL" starttime="20210324 21:27:12.079" endtime="20210324 21:27:42.233">Several failures occurred:

1) Element with locator 'fold' not found.

2) Element with locator 'fold-listbox-item-printer' not found.

3) Button with locator 'saveChangesButton' not found.

4) Element 'settingsUpdatingBusySpinner' did not appear in 5 seconds.

5) Element with locator 'userMenu' not found.

6) Element 'link-logout' did not appear in 5 seconds.

7) Element with locator 'link-logout' not found.</status>
</kw>
<status status="FAIL" starttime="20210324 21:27:07.349" endtime="20210324 21:27:42.233">Suite setup failed:
WebDriverException: Message: unknown error: net::ERR_NAME_NOT_RESOLVED
  (Session info: chrome=89.0.4389.90)


Also suite teardown failed:
Several failures occurred:

1) Element with locator 'fold' not found.

2) Element with locator 'fold-listbox-item-printer' not found.

3) Button with locator 'saveChangesButton' not found.

4) Element 'settingsUpdatingBusySpinner' did not appear in 5 seconds.

5) Element with locator 'userMenu' not found.

6) Element 'link-logout' did not appear in 5 seconds.

7) Element with locator 'link-logout' not found.</status>
</suite>
<suite id="s1-s8" name="WebUpload CPM TC7 ColorMono" source="C:\Users\neogis\D Drive\FREEDOM\Python\CloudAutomation\WebUpload\WebUpload_CPM_TC7_ColorMono.robot">
<test id="s1-s8-t1" name="Validation of Color Mono setting">
<kw name="Open Browser and Login">
<kw name="Open Browser" library="SeleniumLibrary">
<doc>Opens a new browser instance to the optional ``url``.</doc>
<arguments>
<arg>${LOGIN URL}</arg>
<arg>${BROWSER}</arg>
</arguments>
<msg timestamp="20210324 21:27:42.256" level="INFO">Opening browser 'Chrome' to base url 'https://dev.us.cloud.onelxk.co'.</msg>
<kw name="Capture Page Screenshot" library="SeleniumLibrary">
<doc>Takes a screenshot of the current page and embeds it into a log file.</doc>
<msg timestamp="20210324 21:27:57.464" level="INFO" html="yes">&lt;/td&gt;&lt;/tr&gt;&lt;tr&gt;&lt;td colspan="3"&gt;&lt;a href="selenium-screenshot-51.png"&gt;&lt;img src="selenium-screenshot-51.png" width="800px"&gt;&lt;/a&gt;</msg>
<status status="PASS" starttime="20210324 21:27:57.110" endtime="20210324 21:27:57.464"></status>
</kw>
<msg timestamp="20210324 21:27:57.466" level="FAIL">WebDriverException: Message: unknown error: net::ERR_NAME_NOT_RESOLVED
  (Session info: chrome=89.0.4389.90)
</msg>
<status status="FAIL" starttime="20210324 21:27:42.256" endtime="20210324 21:27:57.466"></status>
</kw>
<status status="FAIL" starttime="20210324 21:27:42.240" endtime="20210324 21:27:57.467"></status>
</kw>
<status status="FAIL" starttime="20210324 21:27:42.240" endtime="20210324 21:27:57.468" critical="yes">WebDriverException: Message: unknown error: net::ERR_NAME_NOT_RESOLVED
  (Session info: chrome=89.0.4389.90)
</status>
</test>
<status status="FAIL" starttime="20210324 21:27:42.240" endtime="20210324 21:27:57.473"></status>
</suite>
<suite id="s1-s9" name="WebUpload CPM TC9 DiscardChanges" source="C:\Users\neogis\D Drive\FREEDOM\Python\CloudAutomation\WebUpload\WebUpload_CPM_TC9_DiscardChanges.robot">
<test id="s1-s9-t1" name="Discard Change dialog validation">
<kw name="Open Browser To Login Page">
<kw name="Open Browser" library="SeleniumLibrary">
<doc>Opens a new browser instance to the optional ``url``.</doc>
<arguments>
<arg>${LOGIN URL}</arg>
<arg>${BROWSER}</arg>
</arguments>
<msg timestamp="20210324 21:27:57.496" level="INFO">Opening browser 'Chrome' to base url 'https://dev.us.cloud.onelxk.co'.</msg>
<kw name="Capture Page Screenshot" library="SeleniumLibrary">
<doc>Takes a screenshot of the current page and embeds it into a log file.</doc>
<msg timestamp="20210324 21:28:01.634" level="INFO" html="yes">&lt;/td&gt;&lt;/tr&gt;&lt;tr&gt;&lt;td colspan="3"&gt;&lt;a href="selenium-screenshot-52.png"&gt;&lt;img src="selenium-screenshot-52.png" width="800px"&gt;&lt;/a&gt;</msg>
<status status="PASS" starttime="20210324 21:28:01.294" endtime="20210324 21:28:01.634"></status>
</kw>
<msg timestamp="20210324 21:28:01.637" level="FAIL">WebDriverException: Message: unknown error: net::ERR_NAME_NOT_RESOLVED
  (Session info: chrome=89.0.4389.90)
</msg>
<status status="FAIL" starttime="20210324 21:27:57.495" endtime="20210324 21:28:01.637"></status>
</kw>
<status status="FAIL" starttime="20210324 21:27:57.494" endtime="20210324 21:28:01.637"></status>
</kw>
<status status="FAIL" starttime="20210324 21:27:57.493" endtime="20210324 21:28:01.639" critical="yes">WebDriverException: Message: unknown error: net::ERR_NAME_NOT_RESOLVED
  (Session info: chrome=89.0.4389.90)
</status>
</test>
<status status="FAIL" starttime="20210324 21:27:57.479" endtime="20210324 21:28:01.639"></status>
</suite>
<status status="FAIL" starttime="20210324 21:23:35.722" endtime="20210324 21:28:01.649"></status>
</suite>
<statistics>
<total>
<stat pass="0" fail="90">Critical Tests</stat>
<stat pass="0" fail="90">All Tests</stat>
</total>
<tag>
</tag>
<suite>
<stat pass="0" fail="90" id="s1" name="WebUpload CPM TC10 CopyNUPValidation &amp; WebUpload CPM TC1 PaperSize &amp; WebUpload CPM TC2 PaperType &amp; WebUpload CPM TC3 OutputBin &amp; WebUpload CPM TC4 Staple &amp; WebUpload CPM TC5 Holepunch &amp; WebUpload CPM TC6 Fold &amp; WebUpload CPM TC7 ColorMono &amp; WebUpload CPM TC9 DiscardChanges">WebUpload CPM TC10 CopyNUPValidation &amp; WebUpload CPM TC1 PaperSize &amp; WebUpload CPM TC2 PaperType &amp; WebUpload CPM TC3 OutputBin &amp; WebUpload CPM TC4 Staple &amp; WebUpload CPM TC5 Holepunch &amp; WebUpload CPM TC6 Fold &amp; WebUpload CPM TC7 ColorMono &amp; WebUpload CPM TC9 DiscardChanges</stat>
<stat pass="0" fail="1" id="s1-s1" name="WebUpload CPM TC10 CopyNUPValidation">WebUpload CPM TC10 CopyNUPValidation &amp; WebUpload CPM TC1 PaperSize &amp; WebUpload CPM TC2 PaperType &amp; WebUpload CPM TC3 OutputBin &amp; WebUpload CPM TC4 Staple &amp; WebUpload CPM TC5 Holepunch &amp; WebUpload CPM TC6 Fold &amp; WebUpload CPM TC7 ColorMono &amp; WebUpload CPM TC9 DiscardChanges.WebUpload CPM TC10 CopyNUPValidation</stat>
<stat pass="0" fail="24" id="s1-s2" name="WebUpload CPM TC1 PaperSize">WebUpload CPM TC10 CopyNUPValidation &amp; WebUpload CPM TC1 PaperSize &amp; WebUpload CPM TC2 PaperType &amp; WebUpload CPM TC3 OutputBin &amp; WebUpload CPM TC4 Staple &amp; WebUpload CPM TC5 Holepunch &amp; WebUpload CPM TC6 Fold &amp; WebUpload CPM TC7 ColorMono &amp; WebUpload CPM TC9 DiscardChanges.WebUpload CPM TC1 PaperSize</stat>
<stat pass="0" fail="24" id="s1-s3" name="WebUpload CPM TC2 PaperType">WebUpload CPM TC10 CopyNUPValidation &amp; WebUpload CPM TC1 PaperSize &amp; WebUpload CPM TC2 PaperType &amp; WebUpload CPM TC3 OutputBin &amp; WebUpload CPM TC4 Staple &amp; WebUpload CPM TC5 Holepunch &amp; WebUpload CPM TC6 Fold &amp; WebUpload CPM TC7 ColorMono &amp; WebUpload CPM TC9 DiscardChanges.WebUpload CPM TC2 PaperType</stat>
<stat pass="0" fail="14" id="s1-s4" name="WebUpload CPM TC3 OutputBin">WebUpload CPM TC10 CopyNUPValidation &amp; WebUpload CPM TC1 PaperSize &amp; WebUpload CPM TC2 PaperType &amp; WebUpload CPM TC3 OutputBin &amp; WebUpload CPM TC4 Staple &amp; WebUpload CPM TC5 Holepunch &amp; WebUpload CPM TC6 Fold &amp; WebUpload CPM TC7 ColorMono &amp; WebUpload CPM TC9 DiscardChanges.WebUpload CPM TC3 OutputBin</stat>
<stat pass="0" fail="15" id="s1-s5" name="WebUpload CPM TC4 Staple">WebUpload CPM TC10 CopyNUPValidation &amp; WebUpload CPM TC1 PaperSize &amp; WebUpload CPM TC2 PaperType &amp; WebUpload CPM TC3 OutputBin &amp; WebUpload CPM TC4 Staple &amp; WebUpload CPM TC5 Holepunch &amp; WebUpload CPM TC6 Fold &amp; WebUpload CPM TC7 ColorMono &amp; WebUpload CPM TC9 DiscardChanges.WebUpload CPM TC4 Staple</stat>
<stat pass="0" fail="5" id="s1-s6" name="WebUpload CPM TC5 Holepunch">WebUpload CPM TC10 CopyNUPValidation &amp; WebUpload CPM TC1 PaperSize &amp; WebUpload CPM TC2 PaperType &amp; WebUpload CPM TC3 OutputBin &amp; WebUpload CPM TC4 Staple &amp; WebUpload CPM TC5 Holepunch &amp; WebUpload CPM TC6 Fold &amp; WebUpload CPM TC7 ColorMono &amp; WebUpload CPM TC9 DiscardChanges.WebUpload CPM TC5 Holepunch</stat>
<stat pass="0" fail="5" id="s1-s7" name="WebUpload CPM TC6 Fold">WebUpload CPM TC10 CopyNUPValidation &amp; WebUpload CPM TC1 PaperSize &amp; WebUpload CPM TC2 PaperType &amp; WebUpload CPM TC3 OutputBin &amp; WebUpload CPM TC4 Staple &amp; WebUpload CPM TC5 Holepunch &amp; WebUpload CPM TC6 Fold &amp; WebUpload CPM TC7 ColorMono &amp; WebUpload CPM TC9 DiscardChanges.WebUpload CPM TC6 Fold</stat>
<stat pass="0" fail="1" id="s1-s8" name="WebUpload CPM TC7 ColorMono">WebUpload CPM TC10 CopyNUPValidation &amp; WebUpload CPM TC1 PaperSize &amp; WebUpload CPM TC2 PaperType &amp; WebUpload CPM TC3 OutputBin &amp; WebUpload CPM TC4 Staple &amp; WebUpload CPM TC5 Holepunch &amp; WebUpload CPM TC6 Fold &amp; WebUpload CPM TC7 ColorMono &amp; WebUpload CPM TC9 DiscardChanges.WebUpload CPM TC7 ColorMono</stat>
<stat pass="0" fail="1" id="s1-s9" name="WebUpload CPM TC9 DiscardChanges">WebUpload CPM TC10 CopyNUPValidation &amp; WebUpload CPM TC1 PaperSize &amp; WebUpload CPM TC2 PaperType &amp; WebUpload CPM TC3 OutputBin &amp; WebUpload CPM TC4 Staple &amp; WebUpload CPM TC5 Holepunch &amp; WebUpload CPM TC6 Fold &amp; WebUpload CPM TC7 ColorMono &amp; WebUpload CPM TC9 DiscardChanges.WebUpload CPM TC9 DiscardChanges</stat>
</suite>
</statistics>
<errors>
</errors>
</robot>
